starttime	seconds	ctime	dtime	ttime	wait
Thu Sep 14 18:15:43 2023	1694704543	1	18	19	14
Thu Sep 14 18:15:55 2023	1694704555	0	21	22	21
Thu Sep 14 18:15:45 2023	1694704545	0	24	24	23
Thu Sep 14 18:15:56 2023	1694704556	1	23	24	23
Thu Sep 14 18:15:49 2023	1694704549	0	26	26	26
Thu Sep 14 18:15:44 2023	1694704544	1	25	26	25
Thu Sep 14 18:15:56 2023	1694704556	0	27	27	27
Thu Sep 14 18:15:54 2023	1694704554	1	27	28	25
Thu Sep 14 18:15:50 2023	1694704550	1	28	29	28
Thu Sep 14 18:15:50 2023	1694704550	0	29	29	28
Thu Sep 14 18:15:47 2023	1694704547	1	28	29	27
Thu Sep 14 18:15:50 2023	1694704550	0	29	29	29
Thu Sep 14 18:15:46 2023	1694704546	3	26	29	25
Thu Sep 14 18:15:48 2023	1694704548	1	29	29	27
Thu Sep 14 18:15:48 2023	1694704548	0	30	30	29
Thu Sep 14 18:15:55 2023	1694704555	1	29	30	29
Thu Sep 14 18:15:51 2023	1694704551	0	30	30	30
Thu Sep 14 18:15:51 2023	1694704551	0	30	30	30
Thu Sep 14 18:15:46 2023	1694704546	0	31	31	31
Thu Sep 14 18:15:52 2023	1694704552	0	31	31	31
Thu Sep 14 18:15:45 2023	1694704545	1	31	31	29
Thu Sep 14 18:15:54 2023	1694704554	0	31	31	30
Thu Sep 14 18:15:56 2023	1694704556	0	31	31	30
Thu Sep 14 18:15:50 2023	1694704550	1	31	31	31
Thu Sep 14 18:15:49 2023	1694704549	0	32	32	32
Thu Sep 14 18:15:44 2023	1694704544	1	31	32	31
Thu Sep 14 18:15:51 2023	1694704551	1	31	32	31
Thu Sep 14 18:15:45 2023	1694704545	1	31	32	31
Thu Sep 14 18:15:46 2023	1694704546	1	31	32	31
Thu Sep 14 18:15:54 2023	1694704554	0	32	32	32
Thu Sep 14 18:15:43 2023	1694704543	0	32	32	32
Thu Sep 14 18:15:44 2023	1694704544	1	31	32	31
Thu Sep 14 18:15:56 2023	1694704556	0	33	33	33
Thu Sep 14 18:15:46 2023	1694704546	0	33	33	33
Thu Sep 14 18:15:53 2023	1694704553	1	32	33	31
Thu Sep 14 18:15:47 2023	1694704547	0	33	33	33
Thu Sep 14 18:15:48 2023	1694704548	1	33	34	33
Thu Sep 14 18:15:48 2023	1694704548	1	33	34	33
Thu Sep 14 18:15:53 2023	1694704553	0	34	34	33
Thu Sep 14 18:15:43 2023	1694704543	0	34	34	34
Thu Sep 14 18:15:46 2023	1694704546	0	34	34	34
Thu Sep 14 18:15:52 2023	1694704552	1	33	34	33
Thu Sep 14 18:15:56 2023	1694704556	0	34	34	34
Thu Sep 14 18:15:50 2023	1694704550	1	34	35	34
Thu Sep 14 18:15:50 2023	1694704550	0	34	35	34
Thu Sep 14 18:15:54 2023	1694704554	1	34	35	34
Thu Sep 14 18:15:51 2023	1694704551	1	34	35	34
Thu Sep 14 18:15:48 2023	1694704548	1	34	35	34
Thu Sep 14 18:15:46 2023	1694704546	0	35	35	34
Thu Sep 14 18:15:48 2023	1694704548	0	35	35	35
Thu Sep 14 18:15:45 2023	1694704545	1	34	35	34
Thu Sep 14 18:15:56 2023	1694704556	0	35	35	34
Thu Sep 14 18:15:50 2023	1694704550	0	35	35	35
Thu Sep 14 18:15:52 2023	1694704552	1	35	35	34
Thu Sep 14 18:15:56 2023	1694704556	1	35	35	35
Thu Sep 14 18:15:49 2023	1694704549	1	35	35	35
Thu Sep 14 18:15:49 2023	1694704549	1	35	36	35
Thu Sep 14 18:15:49 2023	1694704549	1	35	36	34
Thu Sep 14 18:15:48 2023	1694704548	0	36	36	36
Thu Sep 14 18:15:56 2023	1694704556	0	36	36	36
Thu Sep 14 18:15:55 2023	1694704555	0	36	36	36
Thu Sep 14 18:15:53 2023	1694704553	1	35	36	35
Thu Sep 14 18:15:49 2023	1694704549	0	36	36	36
Thu Sep 14 18:15:48 2023	1694704548	1	35	36	35
Thu Sep 14 18:15:47 2023	1694704547	0	36	36	36
Thu Sep 14 18:15:44 2023	1694704544	0	36	36	36
Thu Sep 14 18:15:52 2023	1694704552	0	36	36	36
Thu Sep 14 18:15:53 2023	1694704553	0	36	36	36
Thu Sep 14 18:15:46 2023	1694704546	1	36	36	36
Thu Sep 14 18:15:53 2023	1694704553	1	36	37	35
Thu Sep 14 18:15:56 2023	1694704556	1	36	37	36
Thu Sep 14 18:15:50 2023	1694704550	1	36	37	36
Thu Sep 14 18:15:55 2023	1694704555	1	36	37	32
Thu Sep 14 18:15:48 2023	1694704548	0	37	37	37
Thu Sep 14 18:15:44 2023	1694704544	0	37	37	36
Thu Sep 14 18:15:51 2023	1694704551	1	36	37	35
Thu Sep 14 18:15:46 2023	1694704546	1	36	37	36
Thu Sep 14 18:15:47 2023	1694704547	0	37	37	36
Thu Sep 14 18:15:53 2023	1694704553	0	37	37	36
Thu Sep 14 18:15:55 2023	1694704555	1	36	37	36
Thu Sep 14 18:15:55 2023	1694704555	0	37	37	37
Thu Sep 14 18:15:51 2023	1694704551	0	37	37	37
Thu Sep 14 18:15:55 2023	1694704555	1	36	37	36
Thu Sep 14 18:15:44 2023	1694704544	0	38	38	37
Thu Sep 14 18:15:45 2023	1694704545	1	37	38	37
Thu Sep 14 18:15:48 2023	1694704548	1	37	38	37
Thu Sep 14 18:15:48 2023	1694704548	1	37	38	37
Thu Sep 14 18:15:52 2023	1694704552	1	37	38	37
Thu Sep 14 18:15:49 2023	1694704549	1	37	38	37
Thu Sep 14 18:15:46 2023	1694704546	0	38	38	36
Thu Sep 14 18:15:52 2023	1694704552	0	38	38	34
Thu Sep 14 18:15:44 2023	1694704544	1	37	38	37
Thu Sep 14 18:15:45 2023	1694704545	0	38	38	38
Thu Sep 14 18:15:50 2023	1694704550	1	38	38	38
Thu Sep 14 18:15:48 2023	1694704548	0	38	38	37
Thu Sep 14 18:15:46 2023	1694704546	0	38	38	38
Thu Sep 14 18:15:50 2023	1694704550	1	38	38	38
Thu Sep 14 18:15:50 2023	1694704550	1	38	38	38
Thu Sep 14 18:15:55 2023	1694704555	0	38	39	38
Thu Sep 14 18:15:45 2023	1694704545	0	39	39	39
Thu Sep 14 18:15:48 2023	1694704548	0	39	39	38
Thu Sep 14 18:15:54 2023	1694704554	0	39	39	38
Thu Sep 14 18:15:51 2023	1694704551	0	39	39	39
Thu Sep 14 18:15:56 2023	1694704556	0	39	39	39
Thu Sep 14 18:15:46 2023	1694704546	0	39	39	39
Thu Sep 14 18:15:45 2023	1694704545	1	38	39	38
Thu Sep 14 18:15:52 2023	1694704552	0	39	39	39
Thu Sep 14 18:15:44 2023	1694704544	1	39	39	39
Thu Sep 14 18:15:49 2023	1694704549	1	38	39	38
Thu Sep 14 18:15:56 2023	1694704556	0	39	39	39
Thu Sep 14 18:15:50 2023	1694704550	1	39	39	39
Thu Sep 14 18:15:52 2023	1694704552	1	38	39	38
Thu Sep 14 18:15:44 2023	1694704544	1	39	39	39
Thu Sep 14 18:15:48 2023	1694704548	0	39	39	36
Thu Sep 14 18:15:57 2023	1694704557	0	39	39	38
Thu Sep 14 18:15:50 2023	1694704550	1	39	40	39
Thu Sep 14 18:15:45 2023	1694704545	0	40	40	39
Thu Sep 14 18:15:45 2023	1694704545	1	39	40	39
Thu Sep 14 18:15:47 2023	1694704547	0	40	40	38
Thu Sep 14 18:15:48 2023	1694704548	1	39	40	39
Thu Sep 14 18:15:48 2023	1694704548	1	39	40	39
Thu Sep 14 18:15:48 2023	1694704548	1	39	40	39
Thu Sep 14 18:15:56 2023	1694704556	1	39	40	39
Thu Sep 14 18:15:55 2023	1694704555	0	40	40	40
Thu Sep 14 18:15:45 2023	1694704545	0	40	40	40
Thu Sep 14 18:15:45 2023	1694704545	1	39	40	39
Thu Sep 14 18:15:45 2023	1694704545	0	40	40	40
Thu Sep 14 18:15:47 2023	1694704547	0	40	40	40
Thu Sep 14 18:15:54 2023	1694704554	1	40	40	40
Thu Sep 14 18:15:48 2023	1694704548	0	40	40	39
Thu Sep 14 18:15:46 2023	1694704546	0	40	40	40
Thu Sep 14 18:15:50 2023	1694704550	1	39	40	39
Thu Sep 14 18:15:55 2023	1694704555	0	40	40	40
Thu Sep 14 18:15:46 2023	1694704546	1	40	40	40
Thu Sep 14 18:15:55 2023	1694704555	0	40	40	40
Thu Sep 14 18:15:54 2023	1694704554	0	40	40	40
Thu Sep 14 18:15:50 2023	1694704550	1	39	40	39
Thu Sep 14 18:15:50 2023	1694704550	0	40	40	36
Thu Sep 14 18:15:45 2023	1694704545	1	40	40	40
Thu Sep 14 18:15:49 2023	1694704549	0	40	40	40
Thu Sep 14 18:15:48 2023	1694704548	1	40	40	39
Thu Sep 14 18:15:53 2023	1694704553	1	40	41	40
Thu Sep 14 18:15:53 2023	1694704553	0	41	41	41
Thu Sep 14 18:15:56 2023	1694704556	0	40	41	35
Thu Sep 14 18:15:51 2023	1694704551	0	41	41	41
Thu Sep 14 18:15:55 2023	1694704555	0	41	41	41
Thu Sep 14 18:15:45 2023	1694704545	1	40	41	40
Thu Sep 14 18:15:55 2023	1694704555	1	40	41	40
Thu Sep 14 18:15:52 2023	1694704552	1	40	41	38
Thu Sep 14 18:15:50 2023	1694704550	1	40	41	40
Thu Sep 14 18:15:53 2023	1694704553	0	41	41	41
Thu Sep 14 18:15:56 2023	1694704556	0	41	41	40
Thu Sep 14 18:15:56 2023	1694704556	0	41	41	41
Thu Sep 14 18:15:57 2023	1694704557	1	40	41	40
Thu Sep 14 18:15:45 2023	1694704545	1	41	41	40
Thu Sep 14 18:15:48 2023	1694704548	0	41	41	41
Thu Sep 14 18:15:46 2023	1694704546	0	41	41	41
Thu Sep 14 18:15:46 2023	1694704546	1	40	41	40
Thu Sep 14 18:15:50 2023	1694704550	0	41	41	41
Thu Sep 14 18:15:50 2023	1694704550	1	41	41	41
Thu Sep 14 18:15:44 2023	1694704544	0	41	41	41
Thu Sep 14 18:15:47 2023	1694704547	0	41	42	41
Thu Sep 14 18:15:56 2023	1694704556	0	42	42	42
Thu Sep 14 18:15:47 2023	1694704547	0	42	42	41
Thu Sep 14 18:15:56 2023	1694704556	0	42	42	40
Thu Sep 14 18:15:54 2023	1694704554	0	42	42	41
Thu Sep 14 18:15:52 2023	1694704552	0	42	42	42
Thu Sep 14 18:15:45 2023	1694704545	0	42	42	41
Thu Sep 14 18:15:56 2023	1694704556	1	41	42	40
Thu Sep 14 18:15:44 2023	1694704544	1	41	42	36
Thu Sep 14 18:15:45 2023	1694704545	0	42	42	42
Thu Sep 14 18:15:45 2023	1694704545	0	42	42	42
Thu Sep 14 18:15:45 2023	1694704545	0	42	42	41
Thu Sep 14 18:15:47 2023	1694704547	1	41	42	41
Thu Sep 14 18:15:54 2023	1694704554	0	42	42	42
Thu Sep 14 18:15:49 2023	1694704549	1	41	42	39
Thu Sep 14 18:15:52 2023	1694704552	1	42	42	42
Thu Sep 14 18:15:47 2023	1694704547	0	42	42	42
Thu Sep 14 18:15:56 2023	1694704556	1	42	42	42
Thu Sep 14 18:15:48 2023	1694704548	1	42	42	41
Thu Sep 14 18:15:57 2023	1694704557	1	42	42	41
Thu Sep 14 18:15:56 2023	1694704556	1	42	42	38
Thu Sep 14 18:15:55 2023	1694704555	1	42	42	42
Thu Sep 14 18:15:50 2023	1694704550	0	42	42	42
Thu Sep 14 18:15:54 2023	1694704554	0	42	42	42
Thu Sep 14 18:15:47 2023	1694704547	1	41	42	41
Thu Sep 14 18:15:47 2023	1694704547	0	42	42	42
Thu Sep 14 18:15:44 2023	1694704544	1	42	42	41
Thu Sep 14 18:15:56 2023	1694704556	0	43	43	43
Thu Sep 14 18:15:46 2023	1694704546	1	42	43	42
Thu Sep 14 18:15:44 2023	1694704544	0	43	43	43
Thu Sep 14 18:15:52 2023	1694704552	1	42	43	42
Thu Sep 14 18:15:45 2023	1694704545	1	42	43	42
Thu Sep 14 18:15:46 2023	1694704546	0	43	43	43
Thu Sep 14 18:15:55 2023	1694704555	0	43	43	43
Thu Sep 14 18:15:53 2023	1694704553	0	42	43	42
Thu Sep 14 18:15:46 2023	1694704546	1	42	43	42
Thu Sep 14 18:15:48 2023	1694704548	1	42	43	42
Thu Sep 14 18:15:45 2023	1694704545	0	43	43	43
Thu Sep 14 18:15:44 2023	1694704544	0	43	43	43
Thu Sep 14 18:15:47 2023	1694704547	1	42	43	42
Thu Sep 14 18:15:46 2023	1694704546	0	43	43	43
Thu Sep 14 18:15:49 2023	1694704549	1	42	43	42
Thu Sep 14 18:15:43 2023	1694704543	0	43	43	43
Thu Sep 14 18:15:54 2023	1694704554	1	42	43	41
Thu Sep 14 18:15:50 2023	1694704550	1	42	43	42
Thu Sep 14 18:15:46 2023	1694704546	0	43	43	43
Thu Sep 14 18:15:52 2023	1694704552	1	43	43	43
Thu Sep 14 18:15:49 2023	1694704549	0	43	43	42
Thu Sep 14 18:15:49 2023	1694704549	0	43	43	43
Thu Sep 14 18:15:50 2023	1694704550	1	43	43	42
Thu Sep 14 18:15:45 2023	1694704545	0	43	43	43
Thu Sep 14 18:15:45 2023	1694704545	0	43	43	41
Thu Sep 14 18:15:51 2023	1694704551	0	43	43	43
Thu Sep 14 18:15:45 2023	1694704545	0	43	43	43
Thu Sep 14 18:15:44 2023	1694704544	1	42	43	42
Thu Sep 14 18:15:52 2023	1694704552	0	43	43	40
Thu Sep 14 18:15:54 2023	1694704554	0	43	43	42
Thu Sep 14 18:15:51 2023	1694704551	1	43	43	43
Thu Sep 14 18:15:48 2023	1694704548	1	43	43	43
Thu Sep 14 18:15:48 2023	1694704548	1	43	43	43
Thu Sep 14 18:15:48 2023	1694704548	0	43	43	43
Thu Sep 14 18:15:48 2023	1694704548	0	43	43	43
Thu Sep 14 18:15:47 2023	1694704547	0	43	43	43
Thu Sep 14 18:15:57 2023	1694704557	1	42	43	42
Thu Sep 14 18:15:56 2023	1694704556	1	43	44	43
Thu Sep 14 18:15:46 2023	1694704546	1	43	44	43
Thu Sep 14 18:15:47 2023	1694704547	0	44	44	44
Thu Sep 14 18:15:52 2023	1694704552	0	44	44	43
Thu Sep 14 18:15:49 2023	1694704549	1	43	44	43
Thu Sep 14 18:15:47 2023	1694704547	1	43	44	42
Thu Sep 14 18:15:50 2023	1694704550	0	44	44	43
Thu Sep 14 18:15:53 2023	1694704553	1	43	44	42
Thu Sep 14 18:15:52 2023	1694704552	1	43	44	42
Thu Sep 14 18:15:49 2023	1694704549	0	44	44	43
Thu Sep 14 18:15:52 2023	1694704552	0	44	44	44
Thu Sep 14 18:15:53 2023	1694704553	1	43	44	43
Thu Sep 14 18:15:45 2023	1694704545	1	44	44	43
Thu Sep 14 18:15:45 2023	1694704545	1	44	44	44
Thu Sep 14 18:15:47 2023	1694704547	0	44	44	44
Thu Sep 14 18:15:52 2023	1694704552	1	44	44	43
Thu Sep 14 18:15:48 2023	1694704548	0	44	44	43
Thu Sep 14 18:15:55 2023	1694704555	0	44	44	44
Thu Sep 14 18:15:47 2023	1694704547	0	44	44	44
Thu Sep 14 18:15:49 2023	1694704549	1	44	44	43
Thu Sep 14 18:15:45 2023	1694704545	1	44	45	43
Thu Sep 14 18:15:46 2023	1694704546	0	44	45	44
Thu Sep 14 18:15:51 2023	1694704551	0	45	45	45
Thu Sep 14 18:15:52 2023	1694704552	0	45	45	45
Thu Sep 14 18:15:51 2023	1694704551	0	45	45	44
Thu Sep 14 18:15:52 2023	1694704552	0	45	45	43
Thu Sep 14 18:15:56 2023	1694704556	0	45	45	45
Thu Sep 14 18:15:44 2023	1694704544	0	45	45	45
Thu Sep 14 18:15:55 2023	1694704555	0	45	45	44
Thu Sep 14 18:15:55 2023	1694704555	1	44	45	44
Thu Sep 14 18:15:56 2023	1694704556	0	45	45	45
Thu Sep 14 18:15:44 2023	1694704544	0	45	45	45
Thu Sep 14 18:15:55 2023	1694704555	0	45	45	44
Thu Sep 14 18:15:50 2023	1694704550	0	45	45	45
Thu Sep 14 18:15:44 2023	1694704544	0	45	45	45
Thu Sep 14 18:15:51 2023	1694704551	0	45	45	45
Thu Sep 14 18:15:45 2023	1694704545	0	45	45	45
Thu Sep 14 18:15:43 2023	1694704543	1	44	45	44
Thu Sep 14 18:15:50 2023	1694704550	0	45	45	42
Thu Sep 14 18:15:44 2023	1694704544	0	45	45	45
Thu Sep 14 18:15:54 2023	1694704554	0	45	45	45
Thu Sep 14 18:15:47 2023	1694704547	0	45	45	40
Thu Sep 14 18:15:47 2023	1694704547	1	45	45	45
Thu Sep 14 18:15:47 2023	1694704547	0	45	45	45
Thu Sep 14 18:15:48 2023	1694704548	0	45	45	45
Thu Sep 14 18:15:48 2023	1694704548	2	44	45	44
Thu Sep 14 18:15:56 2023	1694704556	0	45	45	45
Thu Sep 14 18:15:45 2023	1694704545	1	44	45	44
Thu Sep 14 18:15:57 2023	1694704557	0	45	45	45
Thu Sep 14 18:15:53 2023	1694704553	1	45	46	45
Thu Sep 14 18:15:52 2023	1694704552	1	45	46	45
Thu Sep 14 18:15:49 2023	1694704549	0	46	46	46
Thu Sep 14 18:15:46 2023	1694704546	0	46	46	46
Thu Sep 14 18:15:54 2023	1694704554	1	45	46	45
Thu Sep 14 18:15:49 2023	1694704549	1	45	46	45
Thu Sep 14 18:15:48 2023	1694704548	0	46	46	46
Thu Sep 14 18:15:53 2023	1694704553	0	46	46	46
Thu Sep 14 18:15:55 2023	1694704555	0	46	46	45
Thu Sep 14 18:15:46 2023	1694704546	0	46	46	46
Thu Sep 14 18:15:53 2023	1694704553	1	45	46	45
Thu Sep 14 18:15:56 2023	1694704556	0	46	46	45
Thu Sep 14 18:15:51 2023	1694704551	0	46	46	46
Thu Sep 14 18:15:49 2023	1694704549	1	45	46	45
Thu Sep 14 18:15:46 2023	1694704546	1	45	46	45
Thu Sep 14 18:15:49 2023	1694704549	1	46	46	46
Thu Sep 14 18:15:56 2023	1694704556	1	45	46	45
Thu Sep 14 18:15:45 2023	1694704545	1	45	46	45
Thu Sep 14 18:15:44 2023	1694704544	1	45	46	45
Thu Sep 14 18:15:47 2023	1694704547	1	45	46	44
Thu Sep 14 18:15:47 2023	1694704547	0	46	46	46
Thu Sep 14 18:15:53 2023	1694704553	1	45	46	45
Thu Sep 14 18:15:44 2023	1694704544	1	45	46	45
Thu Sep 14 18:15:47 2023	1694704547	0	46	46	46
Thu Sep 14 18:15:53 2023	1694704553	0	46	46	46
Thu Sep 14 18:15:49 2023	1694704549	0	46	46	46
Thu Sep 14 18:15:56 2023	1694704556	0	46	46	46
Thu Sep 14 18:15:47 2023	1694704547	0	46	46	45
Thu Sep 14 18:15:53 2023	1694704553	0	46	46	43
Thu Sep 14 18:15:46 2023	1694704546	0	46	46	46
Thu Sep 14 18:15:45 2023	1694704545	0	46	46	46
Thu Sep 14 18:15:55 2023	1694704555	1	45	46	45
Thu Sep 14 18:15:46 2023	1694704546	1	46	47	45
Thu Sep 14 18:15:50 2023	1694704550	0	47	47	45
Thu Sep 14 18:15:48 2023	1694704548	0	47	47	47
Thu Sep 14 18:15:47 2023	1694704547	0	47	47	47
Thu Sep 14 18:15:48 2023	1694704548	0	46	47	46
Thu Sep 14 18:15:55 2023	1694704555	0	47	47	46
Thu Sep 14 18:15:48 2023	1694704548	0	47	47	47
Thu Sep 14 18:15:50 2023	1694704550	0	47	47	47
Thu Sep 14 18:15:44 2023	1694704544	0	47	47	47
Thu Sep 14 18:15:45 2023	1694704545	1	46	47	46
Thu Sep 14 18:15:49 2023	1694704549	1	46	47	42
Thu Sep 14 18:15:57 2023	1694704557	1	46	47	46
Thu Sep 14 18:15:57 2023	1694704557	0	47	47	42
Thu Sep 14 18:15:48 2023	1694704548	0	47	47	46
Thu Sep 14 18:15:45 2023	1694704545	1	46	47	46
Thu Sep 14 18:15:52 2023	1694704552	1	46	47	44
Thu Sep 14 18:15:46 2023	1694704546	0	47	47	44
Thu Sep 14 18:15:51 2023	1694704551	1	46	47	45
Thu Sep 14 18:15:56 2023	1694704556	0	47	47	47
Thu Sep 14 18:15:46 2023	1694704546	0	47	47	46
Thu Sep 14 18:15:49 2023	1694704549	0	47	47	47
Thu Sep 14 18:15:54 2023	1694704554	0	47	47	47
Thu Sep 14 18:15:47 2023	1694704547	0	47	47	47
Thu Sep 14 18:15:46 2023	1694704546	1	46	47	46
Thu Sep 14 18:15:44 2023	1694704544	0	47	47	43
Thu Sep 14 18:15:44 2023	1694704544	1	46	47	46
Thu Sep 14 18:15:47 2023	1694704547	0	47	47	47
Thu Sep 14 18:15:52 2023	1694704552	0	47	47	47
Thu Sep 14 18:15:46 2023	1694704546	1	46	47	46
Thu Sep 14 18:15:54 2023	1694704554	0	47	47	44
Thu Sep 14 18:15:45 2023	1694704545	0	47	47	47
Thu Sep 14 18:15:49 2023	1694704549	0	47	47	47
Thu Sep 14 18:15:48 2023	1694704548	0	47	47	47
Thu Sep 14 18:15:50 2023	1694704550	1	47	47	47
Thu Sep 14 18:15:48 2023	1694704548	1	47	47	47
Thu Sep 14 18:15:57 2023	1694704557	0	47	47	47
Thu Sep 14 18:15:57 2023	1694704557	0	47	47	47
Thu Sep 14 18:15:53 2023	1694704553	0	48	48	46
Thu Sep 14 18:15:56 2023	1694704556	0	48	48	48
Thu Sep 14 18:15:43 2023	1694704543	1	47	48	47
Thu Sep 14 18:15:56 2023	1694704556	0	48	48	47
Thu Sep 14 18:15:46 2023	1694704546	1	47	48	46
Thu Sep 14 18:15:51 2023	1694704551	0	48	48	48
Thu Sep 14 18:15:55 2023	1694704555	0	47	48	47
Thu Sep 14 18:15:45 2023	1694704545	0	48	48	48
Thu Sep 14 18:15:56 2023	1694704556	0	48	48	47
Thu Sep 14 18:15:48 2023	1694704548	0	48	48	48
Thu Sep 14 18:15:47 2023	1694704547	0	48	48	45
Thu Sep 14 18:15:46 2023	1694704546	0	48	48	48
Thu Sep 14 18:15:44 2023	1694704544	0	48	48	48
Thu Sep 14 18:15:46 2023	1694704546	0	48	48	48
Thu Sep 14 18:15:50 2023	1694704550	1	47	48	45
Thu Sep 14 18:15:56 2023	1694704556	1	47	48	47
Thu Sep 14 18:15:46 2023	1694704546	0	48	48	48
Thu Sep 14 18:15:44 2023	1694704544	1	47	48	47
Thu Sep 14 18:15:48 2023	1694704548	0	48	48	48
Thu Sep 14 18:15:46 2023	1694704546	1	48	48	48
Thu Sep 14 18:15:56 2023	1694704556	0	48	48	45
Thu Sep 14 18:15:55 2023	1694704555	0	48	48	48
Thu Sep 14 18:15:46 2023	1694704546	0	48	48	48
Thu Sep 14 18:15:45 2023	1694704545	0	48	48	48
Thu Sep 14 18:15:46 2023	1694704546	0	48	48	48
Thu Sep 14 18:15:48 2023	1694704548	0	48	48	48
Thu Sep 14 18:15:45 2023	1694704545	0	48	48	48
Thu Sep 14 18:15:52 2023	1694704552	1	47	48	47
Thu Sep 14 18:15:45 2023	1694704545	1	48	49	44
Thu Sep 14 18:15:55 2023	1694704555	0	49	49	49
Thu Sep 14 18:15:51 2023	1694704551	0	49	49	49
Thu Sep 14 18:15:56 2023	1694704556	1	48	49	48
Thu Sep 14 18:15:45 2023	1694704545	0	49	49	49
Thu Sep 14 18:15:47 2023	1694704547	1	48	49	47
Thu Sep 14 18:15:50 2023	1694704550	1	48	49	48
Thu Sep 14 18:15:49 2023	1694704549	0	49	49	49
Thu Sep 14 18:15:45 2023	1694704545	0	49	49	49
Thu Sep 14 18:15:45 2023	1694704545	0	49	49	46
Thu Sep 14 18:15:55 2023	1694704555	1	48	49	48
Thu Sep 14 18:15:56 2023	1694704556	1	48	49	48
Thu Sep 14 18:15:45 2023	1694704545	0	49	49	49
Thu Sep 14 18:15:44 2023	1694704544	1	48	49	47
Thu Sep 14 18:15:46 2023	1694704546	0	49	49	48
Thu Sep 14 18:15:45 2023	1694704545	1	48	49	48
Thu Sep 14 18:15:54 2023	1694704554	0	49	49	49
Thu Sep 14 18:15:56 2023	1694704556	0	49	49	49
Thu Sep 14 18:15:53 2023	1694704553	0	49	49	49
Thu Sep 14 18:15:45 2023	1694704545	1	49	49	49
Thu Sep 14 18:15:48 2023	1694704548	0	49	49	49
Thu Sep 14 18:15:46 2023	1694704546	1	49	49	49
Thu Sep 14 18:15:46 2023	1694704546	1	48	49	48
Thu Sep 14 18:15:55 2023	1694704555	1	49	49	47
Thu Sep 14 18:15:55 2023	1694704555	0	49	49	49
Thu Sep 14 18:15:51 2023	1694704551	0	49	49	49
Thu Sep 14 18:15:53 2023	1694704553	0	49	49	49
Thu Sep 14 18:15:45 2023	1694704545	0	49	49	49
Thu Sep 14 18:15:47 2023	1694704547	1	48	49	48
Thu Sep 14 18:15:49 2023	1694704549	0	49	49	48
Thu Sep 14 18:15:45 2023	1694704545	0	49	49	49
Thu Sep 14 18:15:49 2023	1694704549	1	49	49	49
Thu Sep 14 18:15:46 2023	1694704546	0	49	49	49
Thu Sep 14 18:15:53 2023	1694704553	0	49	49	49
Thu Sep 14 18:15:49 2023	1694704549	0	49	49	49
Thu Sep 14 18:15:47 2023	1694704547	0	49	49	48
Thu Sep 14 18:15:50 2023	1694704550	1	49	49	49
Thu Sep 14 18:15:50 2023	1694704550	0	49	49	49
Thu Sep 14 18:15:49 2023	1694704549	0	49	49	49
Thu Sep 14 18:15:47 2023	1694704547	0	49	49	49
Thu Sep 14 18:15:49 2023	1694704549	0	50	50	48
Thu Sep 14 18:15:53 2023	1694704553	1	49	50	49
Thu Sep 14 18:15:50 2023	1694704550	0	50	50	50
Thu Sep 14 18:15:50 2023	1694704550	0	50	50	49
Thu Sep 14 18:15:53 2023	1694704553	0	50	50	50
Thu Sep 14 18:15:55 2023	1694704555	0	50	50	49
Thu Sep 14 18:15:49 2023	1694704549	1	49	50	49
Thu Sep 14 18:15:48 2023	1694704548	1	49	50	49
Thu Sep 14 18:15:47 2023	1694704547	0	50	50	50
Thu Sep 14 18:15:52 2023	1694704552	0	50	50	50
Thu Sep 14 18:15:56 2023	1694704556	1	49	50	49
Thu Sep 14 18:15:44 2023	1694704544	0	50	50	50
Thu Sep 14 18:15:50 2023	1694704550	0	50	50	49
Thu Sep 14 18:15:48 2023	1694704548	0	50	50	50
Thu Sep 14 18:15:51 2023	1694704551	0	50	50	49
Thu Sep 14 18:15:49 2023	1694704549	0	50	50	50
Thu Sep 14 18:15:54 2023	1694704554	1	49	50	49
Thu Sep 14 18:15:45 2023	1694704545	0	50	50	50
Thu Sep 14 18:15:45 2023	1694704545	0	50	50	50
Thu Sep 14 18:15:51 2023	1694704551	0	50	50	50
Thu Sep 14 18:15:46 2023	1694704546	0	50	50	34
Thu Sep 14 18:15:46 2023	1694704546	0	50	50	50
Thu Sep 14 18:15:45 2023	1694704545	0	50	50	48
Thu Sep 14 18:15:46 2023	1694704546	0	50	50	47
Thu Sep 14 18:15:49 2023	1694704549	0	50	50	50
Thu Sep 14 18:15:56 2023	1694704556	0	50	50	50
Thu Sep 14 18:15:49 2023	1694704549	0	50	50	50
Thu Sep 14 18:15:48 2023	1694704548	1	50	50	49
Thu Sep 14 18:15:43 2023	1694704543	0	51	51	51
Thu Sep 14 18:15:51 2023	1694704551	0	50	51	50
Thu Sep 14 18:15:43 2023	1694704543	0	51	51	51
Thu Sep 14 18:15:45 2023	1694704545	0	51	51	49
Thu Sep 14 18:15:46 2023	1694704546	0	51	51	50
Thu Sep 14 18:15:49 2023	1694704549	0	51	51	49
Thu Sep 14 18:15:55 2023	1694704555	0	51	51	51
Thu Sep 14 18:15:45 2023	1694704545	0	51	51	51
Thu Sep 14 18:15:52 2023	1694704552	1	50	51	50
Thu Sep 14 18:15:50 2023	1694704550	0	51	51	48
Thu Sep 14 18:15:48 2023	1694704548	0	51	51	50
Thu Sep 14 18:15:50 2023	1694704550	1	50	51	50
Thu Sep 14 18:15:50 2023	1694704550	0	51	51	51
Thu Sep 14 18:15:46 2023	1694704546	0	51	51	51
Thu Sep 14 18:15:52 2023	1694704552	0	51	51	50
Thu Sep 14 18:15:56 2023	1694704556	0	51	51	50
Thu Sep 14 18:15:53 2023	1694704553	1	50	51	49
Thu Sep 14 18:15:55 2023	1694704555	0	51	51	51
Thu Sep 14 18:15:57 2023	1694704557	0	51	51	50
Thu Sep 14 18:15:47 2023	1694704547	0	51	51	50
Thu Sep 14 18:15:46 2023	1694704546	1	50	51	50
Thu Sep 14 18:15:52 2023	1694704552	0	51	51	51
Thu Sep 14 18:15:53 2023	1694704553	0	51	51	51
Thu Sep 14 18:15:47 2023	1694704547	0	51	51	51
Thu Sep 14 18:15:56 2023	1694704556	0	51	51	48
Thu Sep 14 18:15:47 2023	1694704547	1	51	51	50
Thu Sep 14 18:15:48 2023	1694704548	0	51	51	51
Thu Sep 14 18:15:55 2023	1694704555	1	51	51	47
Thu Sep 14 18:15:52 2023	1694704552	0	51	51	51
Thu Sep 14 18:15:47 2023	1694704547	1	50	51	50
Thu Sep 14 18:15:47 2023	1694704547	1	50	51	43
Thu Sep 14 18:15:45 2023	1694704545	1	51	51	51
Thu Sep 14 18:15:55 2023	1694704555	1	51	51	51
Thu Sep 14 18:15:50 2023	1694704550	0	51	51	51
Thu Sep 14 18:15:44 2023	1694704544	0	51	51	51
Thu Sep 14 18:15:50 2023	1694704550	0	51	51	50
Thu Sep 14 18:15:47 2023	1694704547	1	51	51	51
Thu Sep 14 18:15:52 2023	1694704552	0	51	51	51
Thu Sep 14 18:15:56 2023	1694704556	0	51	51	51
Thu Sep 14 18:15:47 2023	1694704547	1	50	51	47
Thu Sep 14 18:15:46 2023	1694704546	1	50	51	50
Thu Sep 14 18:15:51 2023	1694704551	1	51	51	51
Thu Sep 14 18:15:52 2023	1694704552	0	51	51	51
Thu Sep 14 18:15:44 2023	1694704544	0	51	51	51
Thu Sep 14 18:15:44 2023	1694704544	0	51	51	51
Thu Sep 14 18:15:56 2023	1694704556	0	51	51	51
Thu Sep 14 18:15:47 2023	1694704547	0	51	51	46
Thu Sep 14 18:15:50 2023	1694704550	1	51	52	51
Thu Sep 14 18:15:48 2023	1694704548	1	51	52	51
Thu Sep 14 18:15:47 2023	1694704547	0	52	52	52
Thu Sep 14 18:15:49 2023	1694704549	1	51	52	51
Thu Sep 14 18:15:47 2023	1694704547	0	52	52	52
Thu Sep 14 18:15:47 2023	1694704547	0	52	52	52
Thu Sep 14 18:15:52 2023	1694704552	0	52	52	50
Thu Sep 14 18:15:48 2023	1694704548	1	51	52	51
Thu Sep 14 18:15:47 2023	1694704547	0	52	52	52
Thu Sep 14 18:15:48 2023	1694704548	1	51	52	49
Thu Sep 14 18:15:52 2023	1694704552	0	51	52	51
Thu Sep 14 18:15:48 2023	1694704548	1	51	52	51
Thu Sep 14 18:15:43 2023	1694704543	0	52	52	52
Thu Sep 14 18:15:56 2023	1694704556	0	52	52	52
Thu Sep 14 18:15:45 2023	1694704545	0	52	52	51
Thu Sep 14 18:15:49 2023	1694704549	0	52	52	51
Thu Sep 14 18:15:51 2023	1694704551	0	52	52	52
Thu Sep 14 18:15:53 2023	1694704553	1	51	52	51
Thu Sep 14 18:15:52 2023	1694704552	0	52	52	49
Thu Sep 14 18:15:55 2023	1694704555	0	52	52	52
Thu Sep 14 18:15:46 2023	1694704546	0	52	52	52
Thu Sep 14 18:15:44 2023	1694704544	0	52	52	52
Thu Sep 14 18:15:53 2023	1694704553	0	52	52	51
Thu Sep 14 18:15:50 2023	1694704550	1	51	52	51
Thu Sep 14 18:15:45 2023	1694704545	0	52	52	52
Thu Sep 14 18:15:52 2023	1694704552	0	52	52	52
Thu Sep 14 18:15:52 2023	1694704552	0	52	52	52
Thu Sep 14 18:15:45 2023	1694704545	1	52	52	52
Thu Sep 14 18:15:48 2023	1694704548	0	52	52	50
Thu Sep 14 18:15:56 2023	1694704556	0	52	52	52
Thu Sep 14 18:15:44 2023	1694704544	1	51	52	50
Thu Sep 14 18:15:56 2023	1694704556	1	52	52	52
Thu Sep 14 18:15:44 2023	1694704544	3	49	52	48
Thu Sep 14 18:15:47 2023	1694704547	0	52	52	52
Thu Sep 14 18:15:51 2023	1694704551	1	51	52	51
Thu Sep 14 18:15:48 2023	1694704548	0	52	52	51
Thu Sep 14 18:15:52 2023	1694704552	1	52	52	51
Thu Sep 14 18:15:45 2023	1694704545	0	52	52	50
Thu Sep 14 18:15:47 2023	1694704547	0	52	52	52
Thu Sep 14 18:15:47 2023	1694704547	0	52	52	52
Thu Sep 14 18:15:54 2023	1694704554	0	52	52	52
Thu Sep 14 18:15:56 2023	1694704556	0	52	52	52
Thu Sep 14 18:15:56 2023	1694704556	0	52	52	52
Thu Sep 14 18:15:45 2023	1694704545	0	52	52	49
Thu Sep 14 18:15:56 2023	1694704556	1	52	53	51
Thu Sep 14 18:15:48 2023	1694704548	0	53	53	52
Thu Sep 14 18:15:52 2023	1694704552	0	53	53	52
Thu Sep 14 18:15:46 2023	1694704546	0	52	53	51
Thu Sep 14 18:15:54 2023	1694704554	0	53	53	52
Thu Sep 14 18:15:49 2023	1694704549	0	53	53	53
Thu Sep 14 18:15:48 2023	1694704548	0	53	53	53
Thu Sep 14 18:15:44 2023	1694704544	0	53	53	53
Thu Sep 14 18:15:49 2023	1694704549	0	53	53	44
Thu Sep 14 18:15:44 2023	1694704544	0	53	53	53
Thu Sep 14 18:15:47 2023	1694704547	0	53	53	53
Thu Sep 14 18:15:55 2023	1694704555	1	52	53	51
Thu Sep 14 18:15:47 2023	1694704547	0	53	53	53
Thu Sep 14 18:15:45 2023	1694704545	0	53	53	53
Thu Sep 14 18:15:50 2023	1694704550	1	52	53	52
Thu Sep 14 18:15:47 2023	1694704547	1	52	53	52
Thu Sep 14 18:15:52 2023	1694704552	0	53	53	53
Thu Sep 14 18:15:54 2023	1694704554	0	53	53	51
Thu Sep 14 18:15:54 2023	1694704554	0	53	53	53
Thu Sep 14 18:15:54 2023	1694704554	0	53	53	53
Thu Sep 14 18:15:46 2023	1694704546	0	53	53	53
Thu Sep 14 18:15:55 2023	1694704555	1	52	53	52
Thu Sep 14 18:15:46 2023	1694704546	1	52	53	52
Thu Sep 14 18:15:53 2023	1694704553	0	53	53	52
Thu Sep 14 18:15:56 2023	1694704556	0	53	53	52
Thu Sep 14 18:15:46 2023	1694704546	1	53	53	53
Thu Sep 14 18:15:44 2023	1694704544	0	53	53	53
Thu Sep 14 18:15:54 2023	1694704554	0	53	53	53
Thu Sep 14 18:15:56 2023	1694704556	1	53	53	53
Thu Sep 14 18:15:44 2023	1694704544	0	53	53	53
Thu Sep 14 18:15:55 2023	1694704555	0	53	53	53
Thu Sep 14 18:15:52 2023	1694704552	1	52	53	52
Thu Sep 14 18:15:48 2023	1694704548	1	52	53	52
Thu Sep 14 18:15:48 2023	1694704548	1	52	53	52
Thu Sep 14 18:15:49 2023	1694704549	0	53	53	53
Thu Sep 14 18:15:45 2023	1694704545	0	53	53	51
Thu Sep 14 18:15:50 2023	1694704550	0	53	53	48
Thu Sep 14 18:15:54 2023	1694704554	1	53	53	53
Thu Sep 14 18:15:51 2023	1694704551	1	53	54	53
Thu Sep 14 18:15:48 2023	1694704548	1	53	54	53
Thu Sep 14 18:15:52 2023	1694704552	0	54	54	54
Thu Sep 14 18:15:47 2023	1694704547	0	54	54	52
Thu Sep 14 18:15:55 2023	1694704555	0	54	54	53
Thu Sep 14 18:15:46 2023	1694704546	1	53	54	53
Thu Sep 14 18:15:52 2023	1694704552	0	54	54	54
Thu Sep 14 18:15:45 2023	1694704545	0	54	54	53
Thu Sep 14 18:15:45 2023	1694704545	1	53	54	53
Thu Sep 14 18:15:48 2023	1694704548	1	53	54	53
Thu Sep 14 18:15:56 2023	1694704556	0	54	54	53
Thu Sep 14 18:15:49 2023	1694704549	1	53	54	53
Thu Sep 14 18:15:51 2023	1694704551	0	54	54	54
Thu Sep 14 18:15:52 2023	1694704552	0	54	54	50
Thu Sep 14 18:15:55 2023	1694704555	0	54	54	54
Thu Sep 14 18:15:55 2023	1694704555	1	53	54	53
Thu Sep 14 18:15:52 2023	1694704552	1	53	54	53
Thu Sep 14 18:15:51 2023	1694704551	0	54	54	53
Thu Sep 14 18:15:55 2023	1694704555	1	54	54	49
Thu Sep 14 18:15:46 2023	1694704546	0	54	54	54
Thu Sep 14 18:15:53 2023	1694704553	1	54	54	53
Thu Sep 14 18:15:46 2023	1694704546	1	53	54	53
Thu Sep 14 18:15:49 2023	1694704549	0	54	54	52
Thu Sep 14 18:15:51 2023	1694704551	1	53	54	53
Thu Sep 14 18:15:49 2023	1694704549	0	54	54	53
Thu Sep 14 18:15:52 2023	1694704552	0	54	54	54
Thu Sep 14 18:15:52 2023	1694704552	0	54	54	54
Thu Sep 14 18:15:48 2023	1694704548	0	54	54	54
Thu Sep 14 18:15:48 2023	1694704548	1	54	54	54
Thu Sep 14 18:15:55 2023	1694704555	0	54	54	53
Thu Sep 14 18:15:49 2023	1694704549	0	54	54	53
Thu Sep 14 18:15:48 2023	1694704548	0	54	54	54
Thu Sep 14 18:15:55 2023	1694704555	0	54	54	54
Thu Sep 14 18:15:49 2023	1694704549	0	54	54	48
Thu Sep 14 18:15:44 2023	1694704544	1	54	54	51
Thu Sep 14 18:15:47 2023	1694704547	0	54	54	54
Thu Sep 14 18:15:49 2023	1694704549	0	54	54	51
Thu Sep 14 18:15:57 2023	1694704557	1	53	54	53
Thu Sep 14 18:15:53 2023	1694704553	1	54	54	54
Thu Sep 14 18:15:45 2023	1694704545	1	54	55	51
Thu Sep 14 18:15:47 2023	1694704547	1	54	55	54
Thu Sep 14 18:15:50 2023	1694704550	0	55	55	55
Thu Sep 14 18:15:51 2023	1694704551	0	55	55	54
Thu Sep 14 18:15:56 2023	1694704556	0	55	55	55
Thu Sep 14 18:15:46 2023	1694704546	1	54	55	54
Thu Sep 14 18:15:56 2023	1694704556	0	54	55	54
Thu Sep 14 18:15:47 2023	1694704547	1	54	55	53
Thu Sep 14 18:15:52 2023	1694704552	0	55	55	55
Thu Sep 14 18:15:52 2023	1694704552	1	54	55	53
Thu Sep 14 18:15:50 2023	1694704550	0	55	55	55
Thu Sep 14 18:15:53 2023	1694704553	0	55	55	54
Thu Sep 14 18:15:47 2023	1694704547	0	55	55	55
Thu Sep 14 18:15:54 2023	1694704554	0	55	55	55
Thu Sep 14 18:15:47 2023	1694704547	0	55	55	54
Thu Sep 14 18:15:47 2023	1694704547	1	54	55	54
Thu Sep 14 18:15:44 2023	1694704544	1	54	55	53
Thu Sep 14 18:15:45 2023	1694704545	0	55	55	53
Thu Sep 14 18:15:53 2023	1694704553	0	55	55	53
Thu Sep 14 18:15:52 2023	1694704552	0	55	55	55
Thu Sep 14 18:15:45 2023	1694704545	1	54	55	54
Thu Sep 14 18:15:47 2023	1694704547	0	55	55	55
Thu Sep 14 18:15:49 2023	1694704549	0	55	55	55
Thu Sep 14 18:15:55 2023	1694704555	1	55	55	55
Thu Sep 14 18:15:45 2023	1694704545	0	55	55	55
Thu Sep 14 18:15:48 2023	1694704548	0	55	55	54
Thu Sep 14 18:15:47 2023	1694704547	1	55	55	52
Thu Sep 14 18:15:55 2023	1694704555	0	55	55	55
Thu Sep 14 18:15:44 2023	1694704544	1	55	55	55
Thu Sep 14 18:15:45 2023	1694704545	1	55	55	55
Thu Sep 14 18:15:52 2023	1694704552	1	54	55	54
Thu Sep 14 18:15:56 2023	1694704556	1	54	55	53
Thu Sep 14 18:15:43 2023	1694704543	1	54	55	53
Thu Sep 14 18:15:56 2023	1694704556	0	55	55	55
Thu Sep 14 18:15:45 2023	1694704545	0	55	55	55
Thu Sep 14 18:15:49 2023	1694704549	1	55	55	55
Thu Sep 14 18:15:44 2023	1694704544	1	54	55	54
Thu Sep 14 18:15:46 2023	1694704546	0	55	55	55
Thu Sep 14 18:15:46 2023	1694704546	0	55	55	55
Thu Sep 14 18:15:47 2023	1694704547	1	55	55	55
Thu Sep 14 18:15:44 2023	1694704544	0	56	56	56
Thu Sep 14 18:15:48 2023	1694704548	1	55	56	55
Thu Sep 14 18:15:47 2023	1694704547	1	55	56	55
Thu Sep 14 18:15:47 2023	1694704547	0	56	56	55
Thu Sep 14 18:15:48 2023	1694704548	0	56	56	55
Thu Sep 14 18:15:51 2023	1694704551	0	56	56	56
Thu Sep 14 18:15:54 2023	1694704554	0	56	56	55
Thu Sep 14 18:15:54 2023	1694704554	1	55	56	47
Thu Sep 14 18:15:55 2023	1694704555	0	56	56	55
Thu Sep 14 18:15:56 2023	1694704556	1	55	56	54
Thu Sep 14 18:15:50 2023	1694704550	0	56	56	56
Thu Sep 14 18:15:45 2023	1694704545	1	55	56	55
Thu Sep 14 18:15:44 2023	1694704544	0	56	56	56
Thu Sep 14 18:15:44 2023	1694704544	0	56	56	56
Thu Sep 14 18:15:44 2023	1694704544	1	55	56	54
Thu Sep 14 18:15:44 2023	1694704544	0	56	56	56
Thu Sep 14 18:15:49 2023	1694704549	1	55	56	55
Thu Sep 14 18:15:55 2023	1694704555	1	55	56	55
Thu Sep 14 18:15:52 2023	1694704552	0	56	56	56
Thu Sep 14 18:15:54 2023	1694704554	0	56	56	56
Thu Sep 14 18:15:46 2023	1694704546	0	56	56	56
Thu Sep 14 18:15:43 2023	1694704543	0	56	56	56
Thu Sep 14 18:15:48 2023	1694704548	0	56	56	56
Thu Sep 14 18:15:56 2023	1694704556	1	56	56	56
Thu Sep 14 18:15:45 2023	1694704545	1	55	56	55
Thu Sep 14 18:15:52 2023	1694704552	0	56	56	54
Thu Sep 14 18:15:46 2023	1694704546	0	56	56	55
Thu Sep 14 18:15:55 2023	1694704555	0	56	56	56
Thu Sep 14 18:15:48 2023	1694704548	0	56	56	56
Thu Sep 14 18:15:50 2023	1694704550	1	55	56	55
Thu Sep 14 18:15:49 2023	1694704549	0	56	56	56
Thu Sep 14 18:15:47 2023	1694704547	1	56	56	56
Thu Sep 14 18:15:54 2023	1694704554	1	56	56	56
Thu Sep 14 18:15:46 2023	1694704546	0	56	56	55
Thu Sep 14 18:15:48 2023	1694704548	0	56	56	56
Thu Sep 14 18:15:55 2023	1694704555	0	56	56	56
Thu Sep 14 18:15:49 2023	1694704549	0	56	56	56
Thu Sep 14 18:15:57 2023	1694704557	0	56	56	51
Thu Sep 14 18:15:54 2023	1694704554	0	56	56	56
Thu Sep 14 18:15:53 2023	1694704553	0	56	56	54
Thu Sep 14 18:15:44 2023	1694704544	1	56	57	56
Thu Sep 14 18:15:54 2023	1694704554	0	57	57	57
Thu Sep 14 18:15:55 2023	1694704555	0	56	57	56
Thu Sep 14 18:15:53 2023	1694704553	0	57	57	57
Thu Sep 14 18:15:54 2023	1694704554	0	57	57	57
Thu Sep 14 18:15:55 2023	1694704555	1	56	57	55
Thu Sep 14 18:15:50 2023	1694704550	1	56	57	56
Thu Sep 14 18:15:45 2023	1694704545	1	56	57	56
Thu Sep 14 18:15:45 2023	1694704545	1	56	57	56
Thu Sep 14 18:15:51 2023	1694704551	0	57	57	57
Thu Sep 14 18:15:49 2023	1694704549	0	57	57	56
Thu Sep 14 18:15:49 2023	1694704549	1	56	57	53
Thu Sep 14 18:15:56 2023	1694704556	0	57	57	57
Thu Sep 14 18:15:53 2023	1694704553	0	57	57	57
Thu Sep 14 18:15:47 2023	1694704547	0	57	57	57
Thu Sep 14 18:15:57 2023	1694704557	0	57	57	56
Thu Sep 14 18:15:54 2023	1694704554	1	56	57	54
Thu Sep 14 18:15:46 2023	1694704546	0	57	57	57
Thu Sep 14 18:15:49 2023	1694704549	0	57	57	57
Thu Sep 14 18:15:55 2023	1694704555	1	56	57	56
Thu Sep 14 18:15:55 2023	1694704555	0	57	57	57
Thu Sep 14 18:15:44 2023	1694704544	1	57	57	56
Thu Sep 14 18:15:48 2023	1694704548	0	57	57	56
Thu Sep 14 18:15:46 2023	1694704546	0	57	57	57
Thu Sep 14 18:15:49 2023	1694704549	0	57	57	57
Thu Sep 14 18:15:47 2023	1694704547	0	57	57	57
Thu Sep 14 18:15:56 2023	1694704556	0	57	57	56
Thu Sep 14 18:15:51 2023	1694704551	1	57	57	46
Thu Sep 14 18:15:47 2023	1694704547	0	57	57	57
Thu Sep 14 18:15:53 2023	1694704553	1	56	57	56
Thu Sep 14 18:15:45 2023	1694704545	1	57	57	56
Thu Sep 14 18:15:48 2023	1694704548	0	57	57	57
Thu Sep 14 18:15:48 2023	1694704548	1	57	57	56
Thu Sep 14 18:15:49 2023	1694704549	0	57	57	57
Thu Sep 14 18:15:49 2023	1694704549	0	57	57	57
Thu Sep 14 18:15:45 2023	1694704545	1	57	57	57
Thu Sep 14 18:15:44 2023	1694704544	0	57	57	57
Thu Sep 14 18:15:47 2023	1694704547	1	57	57	57
Thu Sep 14 18:15:50 2023	1694704550	1	57	57	57
Thu Sep 14 18:15:53 2023	1694704553	0	57	57	57
Thu Sep 14 18:15:46 2023	1694704546	0	57	57	57
Thu Sep 14 18:15:51 2023	1694704551	0	57	57	57
Thu Sep 14 18:15:53 2023	1694704553	0	58	58	57
Thu Sep 14 18:15:51 2023	1694704551	1	57	58	57
Thu Sep 14 18:15:45 2023	1694704545	0	58	58	58
Thu Sep 14 18:15:45 2023	1694704545	0	58	58	58
Thu Sep 14 18:15:47 2023	1694704547	0	58	58	57
Thu Sep 14 18:15:48 2023	1694704548	0	57	58	57
Thu Sep 14 18:15:45 2023	1694704545	1	57	58	57
Thu Sep 14 18:15:45 2023	1694704545	1	57	58	57
Thu Sep 14 18:15:51 2023	1694704551	1	57	58	57
Thu Sep 14 18:15:48 2023	1694704548	0	58	58	49
Thu Sep 14 18:15:51 2023	1694704551	0	58	58	58
Thu Sep 14 18:15:53 2023	1694704553	1	57	58	50
Thu Sep 14 18:15:51 2023	1694704551	0	58	58	58
Thu Sep 14 18:15:56 2023	1694704556	0	58	58	58
Thu Sep 14 18:15:51 2023	1694704551	0	58	58	58
Thu Sep 14 18:15:47 2023	1694704547	0	58	58	58
Thu Sep 14 18:15:53 2023	1694704553	0	58	58	58
Thu Sep 14 18:15:52 2023	1694704552	1	57	58	52
Thu Sep 14 18:15:46 2023	1694704546	0	58	58	56
Thu Sep 14 18:15:46 2023	1694704546	0	58	58	58
Thu Sep 14 18:15:47 2023	1694704547	0	58	58	58
Thu Sep 14 18:15:48 2023	1694704548	0	58	58	58
Thu Sep 14 18:15:49 2023	1694704549	0	58	58	51
Thu Sep 14 18:15:55 2023	1694704555	0	58	58	58
Thu Sep 14 18:15:46 2023	1694704546	1	57	58	57
Thu Sep 14 18:15:54 2023	1694704554	0	58	58	58
Thu Sep 14 18:15:45 2023	1694704545	1	58	58	58
Thu Sep 14 18:15:47 2023	1694704547	0	58	58	58
Thu Sep 14 18:15:46 2023	1694704546	0	58	58	58
Thu Sep 14 18:15:48 2023	1694704548	0	58	58	58
Thu Sep 14 18:15:45 2023	1694704545	0	58	58	58
Thu Sep 14 18:15:49 2023	1694704549	0	58	58	57
Thu Sep 14 18:15:47 2023	1694704547	0	58	58	58
Thu Sep 14 18:15:52 2023	1694704552	0	58	58	58
Thu Sep 14 18:15:44 2023	1694704544	1	57	58	57
Thu Sep 14 18:15:55 2023	1694704555	1	57	58	57
Thu Sep 14 18:15:44 2023	1694704544	1	58	58	58
Thu Sep 14 18:15:47 2023	1694704547	0	58	58	58
Thu Sep 14 18:15:51 2023	1694704551	1	57	58	57
Thu Sep 14 18:15:51 2023	1694704551	0	58	58	58
Thu Sep 14 18:15:49 2023	1694704549	3	55	58	55
Thu Sep 14 18:15:57 2023	1694704557	0	58	58	58
Thu Sep 14 18:15:45 2023	1694704545	0	58	59	58
Thu Sep 14 18:15:46 2023	1694704546	0	59	59	59
Thu Sep 14 18:15:44 2023	1694704544	0	59	59	59
Thu Sep 14 18:15:47 2023	1694704547	0	59	59	58
Thu Sep 14 18:15:44 2023	1694704544	1	58	59	58
Thu Sep 14 18:15:44 2023	1694704544	0	59	59	59
Thu Sep 14 18:15:45 2023	1694704545	1	58	59	58
Thu Sep 14 18:15:57 2023	1694704557	0	59	59	55
Thu Sep 14 18:15:46 2023	1694704546	0	59	59	59
Thu Sep 14 18:15:47 2023	1694704547	0	59	59	59
Thu Sep 14 18:15:54 2023	1694704554	0	59	59	57
Thu Sep 14 18:15:47 2023	1694704547	0	59	59	58
Thu Sep 14 18:15:52 2023	1694704552	1	58	59	58
Thu Sep 14 18:15:44 2023	1694704544	0	59	59	59
Thu Sep 14 18:15:45 2023	1694704545	1	58	59	58
Thu Sep 14 18:15:56 2023	1694704556	1	58	59	58
Thu Sep 14 18:15:56 2023	1694704556	0	59	59	58
Thu Sep 14 18:15:54 2023	1694704554	1	58	59	51
Thu Sep 14 18:15:46 2023	1694704546	1	58	59	57
Thu Sep 14 18:15:56 2023	1694704556	0	59	59	59
Thu Sep 14 18:15:54 2023	1694704554	0	59	59	59
Thu Sep 14 18:15:47 2023	1694704547	0	59	59	59
Thu Sep 14 18:15:47 2023	1694704547	1	58	59	57
Thu Sep 14 18:15:47 2023	1694704547	0	59	59	59
Thu Sep 14 18:15:50 2023	1694704550	0	59	59	59
Thu Sep 14 18:15:45 2023	1694704545	1	59	59	59
Thu Sep 14 18:15:49 2023	1694704549	0	59	59	59
Thu Sep 14 18:15:44 2023	1694704544	1	59	59	59
Thu Sep 14 18:15:43 2023	1694704543	1	59	59	59
Thu Sep 14 18:15:46 2023	1694704546	0	59	59	58
Thu Sep 14 18:15:49 2023	1694704549	1	59	59	59
Thu Sep 14 18:15:46 2023	1694704546	0	59	59	59
Thu Sep 14 18:15:49 2023	1694704549	1	59	59	59
Thu Sep 14 18:15:56 2023	1694704556	1	59	59	59
Thu Sep 14 18:15:44 2023	1694704544	0	59	59	59
Thu Sep 14 18:15:51 2023	1694704551	0	59	59	59
Thu Sep 14 18:15:54 2023	1694704554	1	59	59	59
Thu Sep 14 18:15:54 2023	1694704554	1	59	59	59
Thu Sep 14 18:15:55 2023	1694704555	0	59	59	57
Thu Sep 14 18:15:48 2023	1694704548	0	59	59	59
Thu Sep 14 18:15:52 2023	1694704552	0	60	60	60
Thu Sep 14 18:15:44 2023	1694704544	0	59	60	59
Thu Sep 14 18:15:44 2023	1694704544	0	60	60	58
Thu Sep 14 18:15:46 2023	1694704546	0	60	60	58
Thu Sep 14 18:15:52 2023	1694704552	0	60	60	59
Thu Sep 14 18:15:57 2023	1694704557	0	60	60	60
Thu Sep 14 18:15:55 2023	1694704555	1	59	60	59
Thu Sep 14 18:15:48 2023	1694704548	0	60	60	60
Thu Sep 14 18:15:47 2023	1694704547	0	60	60	60
Thu Sep 14 18:15:46 2023	1694704546	0	60	60	60
Thu Sep 14 18:15:56 2023	1694704556	1	59	60	57
Thu Sep 14 18:15:46 2023	1694704546	1	59	60	59
Thu Sep 14 18:15:56 2023	1694704556	0	60	60	59
Thu Sep 14 18:15:46 2023	1694704546	1	59	60	59
Thu Sep 14 18:15:55 2023	1694704555	1	59	60	59
Thu Sep 14 18:15:48 2023	1694704548	0	60	60	58
Thu Sep 14 18:15:54 2023	1694704554	1	59	60	59
Thu Sep 14 18:15:54 2023	1694704554	1	59	60	59
Thu Sep 14 18:15:49 2023	1694704549	1	59	60	58
Thu Sep 14 18:15:47 2023	1694704547	0	60	60	60
Thu Sep 14 18:15:57 2023	1694704557	0	60	60	60
Thu Sep 14 18:15:47 2023	1694704547	0	60	60	60
Thu Sep 14 18:15:47 2023	1694704547	0	60	60	60
Thu Sep 14 18:15:47 2023	1694704547	0	60	60	60
Thu Sep 14 18:15:51 2023	1694704551	0	60	60	60
Thu Sep 14 18:15:50 2023	1694704550	0	60	60	60
Thu Sep 14 18:15:46 2023	1694704546	0	60	60	60
Thu Sep 14 18:15:44 2023	1694704544	1	60	60	59
Thu Sep 14 18:15:53 2023	1694704553	0	60	60	60
Thu Sep 14 18:15:47 2023	1694704547	0	60	60	57
Thu Sep 14 18:15:49 2023	1694704549	1	60	60	56
Thu Sep 14 18:15:53 2023	1694704553	0	60	60	56
Thu Sep 14 18:15:53 2023	1694704553	1	59	60	59
Thu Sep 14 18:15:45 2023	1694704545	0	60	60	60
Thu Sep 14 18:15:47 2023	1694704547	0	60	60	59
Thu Sep 14 18:15:55 2023	1694704555	1	60	60	55
Thu Sep 14 18:15:47 2023	1694704547	0	60	60	60
Thu Sep 14 18:15:53 2023	1694704553	0	60	60	59
Thu Sep 14 18:15:47 2023	1694704547	0	60	60	58
Thu Sep 14 18:15:47 2023	1694704547	0	60	60	60
Thu Sep 14 18:15:53 2023	1694704553	0	60	60	60
Thu Sep 14 18:15:53 2023	1694704553	1	60	60	59
Thu Sep 14 18:15:44 2023	1694704544	0	60	60	60
Thu Sep 14 18:15:52 2023	1694704552	1	59	60	59
Thu Sep 14 18:15:55 2023	1694704555	0	60	60	60
Thu Sep 14 18:15:54 2023	1694704554	0	60	60	60
Thu Sep 14 18:15:49 2023	1694704549	1	60	60	59
Thu Sep 14 18:15:44 2023	1694704544	1	59	60	59
Thu Sep 14 18:15:48 2023	1694704548	0	61	61	59
Thu Sep 14 18:15:44 2023	1694704544	1	60	61	60
Thu Sep 14 18:15:49 2023	1694704549	1	60	61	60
Thu Sep 14 18:15:46 2023	1694704546	1	60	61	60
Thu Sep 14 18:15:44 2023	1694704544	0	61	61	61
Thu Sep 14 18:15:44 2023	1694704544	0	61	61	48
Thu Sep 14 18:15:45 2023	1694704545	1	60	61	60
Thu Sep 14 18:15:44 2023	1694704544	0	61	61	61
Thu Sep 14 18:15:44 2023	1694704544	0	60	61	60
Thu Sep 14 18:15:54 2023	1694704554	1	60	61	60
Thu Sep 14 18:15:51 2023	1694704551	0	61	61	61
Thu Sep 14 18:15:48 2023	1694704548	0	61	61	61
Thu Sep 14 18:15:48 2023	1694704548	1	60	61	60
Thu Sep 14 18:15:46 2023	1694704546	1	60	61	60
Thu Sep 14 18:15:48 2023	1694704548	1	60	61	59
Thu Sep 14 18:15:49 2023	1694704549	1	60	61	60
Thu Sep 14 18:15:53 2023	1694704553	0	61	61	61
Thu Sep 14 18:15:51 2023	1694704551	1	61	61	44
Thu Sep 14 18:15:49 2023	1694704549	0	61	61	61
Thu Sep 14 18:15:49 2023	1694704549	1	61	61	61
Thu Sep 14 18:15:53 2023	1694704553	0	61	61	51
Thu Sep 14 18:15:52 2023	1694704552	1	61	61	61
Thu Sep 14 18:15:47 2023	1694704547	1	61	61	61
Thu Sep 14 18:15:47 2023	1694704547	0	61	61	60
Thu Sep 14 18:15:48 2023	1694704548	0	61	61	61
Thu Sep 14 18:15:46 2023	1694704546	0	61	61	61
Thu Sep 14 18:15:50 2023	1694704550	1	61	61	61
Thu Sep 14 18:15:56 2023	1694704556	0	61	61	61
Thu Sep 14 18:15:53 2023	1694704553	0	61	61	61
Thu Sep 14 18:15:50 2023	1694704550	0	61	61	61
Thu Sep 14 18:15:52 2023	1694704552	1	60	61	58
Thu Sep 14 18:15:53 2023	1694704553	1	61	62	60
Thu Sep 14 18:15:52 2023	1694704552	0	62	62	62
Thu Sep 14 18:15:48 2023	1694704548	0	62	62	62
Thu Sep 14 18:15:44 2023	1694704544	0	62	62	59
Thu Sep 14 18:15:46 2023	1694704546	0	62	62	62
Thu Sep 14 18:15:52 2023	1694704552	0	62	62	61
Thu Sep 14 18:15:51 2023	1694704551	1	61	62	61
Thu Sep 14 18:15:44 2023	1694704544	1	61	62	61
Thu Sep 14 18:15:53 2023	1694704553	0	62	62	55
Thu Sep 14 18:15:52 2023	1694704552	0	62	62	62
Thu Sep 14 18:15:44 2023	1694704544	0	62	62	62
Thu Sep 14 18:15:56 2023	1694704556	0	62	62	58
Thu Sep 14 18:15:45 2023	1694704545	0	62	62	61
Thu Sep 14 18:15:53 2023	1694704553	1	61	62	61
Thu Sep 14 18:15:56 2023	1694704556	1	61	62	59
Thu Sep 14 18:15:44 2023	1694704544	0	62	62	62
Thu Sep 14 18:15:45 2023	1694704545	0	62	62	62
Thu Sep 14 18:15:55 2023	1694704555	0	62	62	61
Thu Sep 14 18:15:46 2023	1694704546	0	62	62	62
Thu Sep 14 18:15:55 2023	1694704555	0	62	62	62
Thu Sep 14 18:15:56 2023	1694704556	1	61	62	60
Thu Sep 14 18:15:49 2023	1694704549	0	62	62	62
Thu Sep 14 18:15:51 2023	1694704551	1	62	62	61
Thu Sep 14 18:15:49 2023	1694704549	0	62	62	50
Thu Sep 14 18:15:48 2023	1694704548	1	62	62	62
Thu Sep 14 18:15:52 2023	1694704552	0	62	62	62
Thu Sep 14 18:15:47 2023	1694704547	2	60	62	56
Thu Sep 14 18:15:44 2023	1694704544	0	62	62	62
Thu Sep 14 18:15:48 2023	1694704548	0	62	62	62
Thu Sep 14 18:15:44 2023	1694704544	1	62	62	54
Thu Sep 14 18:15:56 2023	1694704556	0	62	62	62
Thu Sep 14 18:15:47 2023	1694704547	0	62	62	62
Thu Sep 14 18:15:44 2023	1694704544	1	62	62	62
Thu Sep 14 18:15:49 2023	1694704549	1	62	62	61
Thu Sep 14 18:15:49 2023	1694704549	0	62	62	62
Thu Sep 14 18:15:49 2023	1694704549	1	62	62	62
Thu Sep 14 18:15:43 2023	1694704543	1	61	62	57
Thu Sep 14 18:15:45 2023	1694704545	1	61	62	61
Thu Sep 14 18:15:50 2023	1694704550	0	62	62	62
Thu Sep 14 18:15:46 2023	1694704546	0	62	62	62
Thu Sep 14 18:15:48 2023	1694704548	0	62	62	62
Thu Sep 14 18:15:49 2023	1694704549	1	62	62	59
Thu Sep 14 18:15:45 2023	1694704545	0	62	62	62
Thu Sep 14 18:15:46 2023	1694704546	1	62	62	61
Thu Sep 14 18:15:46 2023	1694704546	0	63	63	63
Thu Sep 14 18:15:53 2023	1694704553	0	63	63	62
Thu Sep 14 18:15:45 2023	1694704545	0	63	63	63
Thu Sep 14 18:15:53 2023	1694704553	0	63	63	63
Thu Sep 14 18:15:49 2023	1694704549	0	63	63	63
Thu Sep 14 18:15:47 2023	1694704547	1	62	63	62
Thu Sep 14 18:15:55 2023	1694704555	1	62	63	62
Thu Sep 14 18:15:46 2023	1694704546	0	63	63	62
Thu Sep 14 18:15:51 2023	1694704551	0	63	63	62
Thu Sep 14 18:15:54 2023	1694704554	0	63	63	62
Thu Sep 14 18:15:52 2023	1694704552	1	62	63	45
Thu Sep 14 18:15:53 2023	1694704553	0	63	63	60
Thu Sep 14 18:15:45 2023	1694704545	0	63	63	62
Thu Sep 14 18:15:49 2023	1694704549	0	63	63	63
Thu Sep 14 18:15:49 2023	1694704549	1	62	63	60
Thu Sep 14 18:15:55 2023	1694704555	0	63	63	63
Thu Sep 14 18:15:50 2023	1694704550	0	63	63	63
Thu Sep 14 18:15:46 2023	1694704546	0	63	63	63
Thu Sep 14 18:15:46 2023	1694704546	0	63	63	55
Thu Sep 14 18:15:53 2023	1694704553	1	63	63	62
Thu Sep 14 18:15:45 2023	1694704545	0	63	63	63
Thu Sep 14 18:15:52 2023	1694704552	0	63	63	62
Thu Sep 14 18:15:53 2023	1694704553	0	63	63	63
Thu Sep 14 18:15:54 2023	1694704554	0	63	63	63
Thu Sep 14 18:15:44 2023	1694704544	0	63	63	62
Thu Sep 14 18:15:47 2023	1694704547	0	63	63	63
Thu Sep 14 18:15:55 2023	1694704555	0	63	63	61
Thu Sep 14 18:15:48 2023	1694704548	1	63	63	63
Thu Sep 14 18:15:47 2023	1694704547	1	63	63	63
Thu Sep 14 18:15:53 2023	1694704553	1	63	63	60
Thu Sep 14 18:15:46 2023	1694704546	0	63	63	63
Thu Sep 14 18:15:55 2023	1694704555	0	63	63	63
Thu Sep 14 18:15:48 2023	1694704548	0	63	63	63
Thu Sep 14 18:15:56 2023	1694704556	1	63	63	63
Thu Sep 14 18:15:48 2023	1694704548	1	63	63	63
Thu Sep 14 18:15:55 2023	1694704555	0	63	63	63
Thu Sep 14 18:15:44 2023	1694704544	1	63	63	63
Thu Sep 14 18:15:44 2023	1694704544	1	63	63	63
Thu Sep 14 18:15:49 2023	1694704549	0	63	63	63
Thu Sep 14 18:15:53 2023	1694704553	0	63	63	63
Thu Sep 14 18:15:55 2023	1694704555	1	63	63	63
Thu Sep 14 18:15:47 2023	1694704547	0	63	63	63
Thu Sep 14 18:15:56 2023	1694704556	0	63	63	63
Thu Sep 14 18:15:51 2023	1694704551	1	63	64	60
Thu Sep 14 18:15:44 2023	1694704544	0	64	64	64
Thu Sep 14 18:15:46 2023	1694704546	0	64	64	63
Thu Sep 14 18:15:45 2023	1694704545	1	63	64	62
Thu Sep 14 18:15:45 2023	1694704545	0	64	64	63
Thu Sep 14 18:15:54 2023	1694704554	1	63	64	63
Thu Sep 14 18:15:55 2023	1694704555	0	64	64	62
Thu Sep 14 18:15:52 2023	1694704552	1	63	64	63
Thu Sep 14 18:15:43 2023	1694704543	1	63	64	63
Thu Sep 14 18:15:49 2023	1694704549	1	63	64	63
Thu Sep 14 18:15:52 2023	1694704552	1	63	64	63
Thu Sep 14 18:15:46 2023	1694704546	1	63	64	63
Thu Sep 14 18:15:56 2023	1694704556	0	64	64	63
Thu Sep 14 18:15:44 2023	1694704544	0	64	64	64
Thu Sep 14 18:15:49 2023	1694704549	0	64	64	64
Thu Sep 14 18:15:53 2023	1694704553	0	64	64	59
Thu Sep 14 18:15:47 2023	1694704547	0	64	64	64
Thu Sep 14 18:15:47 2023	1694704547	0	64	64	64
Thu Sep 14 18:15:44 2023	1694704544	0	64	64	64
Thu Sep 14 18:15:54 2023	1694704554	0	64	64	63
Thu Sep 14 18:15:45 2023	1694704545	0	64	64	63
Thu Sep 14 18:15:51 2023	1694704551	0	64	64	60
Thu Sep 14 18:15:45 2023	1694704545	0	64	64	63
Thu Sep 14 18:15:53 2023	1694704553	0	64	64	64
Thu Sep 14 18:15:46 2023	1694704546	1	63	64	63
Thu Sep 14 18:15:54 2023	1694704554	0	64	64	64
Thu Sep 14 18:15:49 2023	1694704549	0	64	64	64
Thu Sep 14 18:15:56 2023	1694704556	1	64	64	64
Thu Sep 14 18:15:45 2023	1694704545	0	64	64	64
Thu Sep 14 18:15:53 2023	1694704553	0	64	64	63
Thu Sep 14 18:15:47 2023	1694704547	1	64	64	63
Thu Sep 14 18:15:52 2023	1694704552	0	64	64	60
Thu Sep 14 18:15:43 2023	1694704543	0	64	64	62
Thu Sep 14 18:15:44 2023	1694704544	0	64	64	64
Thu Sep 14 18:15:47 2023	1694704547	0	64	64	64
Thu Sep 14 18:15:54 2023	1694704554	1	64	64	64
Thu Sep 14 18:15:55 2023	1694704555	0	64	64	49
Thu Sep 14 18:15:47 2023	1694704547	0	64	64	64
Thu Sep 14 18:15:49 2023	1694704549	0	64	64	64
Thu Sep 14 18:15:53 2023	1694704553	0	64	64	40
Thu Sep 14 18:15:53 2023	1694704553	1	63	64	63
Thu Sep 14 18:15:53 2023	1694704553	1	64	64	64
Thu Sep 14 18:15:52 2023	1694704552	0	64	64	64
Thu Sep 14 18:15:48 2023	1694704548	1	64	64	64
Thu Sep 14 18:15:46 2023	1694704546	1	64	65	64
Thu Sep 14 18:15:49 2023	1694704549	0	65	65	63
Thu Sep 14 18:15:48 2023	1694704548	1	64	65	64
Thu Sep 14 18:15:47 2023	1694704547	1	64	65	62
Thu Sep 14 18:15:45 2023	1694704545	0	64	65	64
Thu Sep 14 18:15:51 2023	1694704551	0	65	65	65
Thu Sep 14 18:15:56 2023	1694704556	0	65	65	65
Thu Sep 14 18:15:44 2023	1694704544	0	65	65	65
Thu Sep 14 18:15:48 2023	1694704548	1	64	65	63
Thu Sep 14 18:15:55 2023	1694704555	1	64	65	64
Thu Sep 14 18:15:55 2023	1694704555	0	64	65	64
Thu Sep 14 18:15:46 2023	1694704546	0	65	65	65
Thu Sep 14 18:15:46 2023	1694704546	0	65	65	65
Thu Sep 14 18:15:56 2023	1694704556	0	65	65	65
Thu Sep 14 18:15:53 2023	1694704553	0	65	65	65
Thu Sep 14 18:15:44 2023	1694704544	0	65	65	65
Thu Sep 14 18:15:50 2023	1694704550	0	65	65	64
Thu Sep 14 18:15:47 2023	1694704547	1	64	65	63
Thu Sep 14 18:15:46 2023	1694704546	1	64	65	64
Thu Sep 14 18:15:53 2023	1694704553	0	65	65	65
Thu Sep 14 18:15:44 2023	1694704544	1	64	65	62
Thu Sep 14 18:15:50 2023	1694704550	0	65	65	61
Thu Sep 14 18:15:50 2023	1694704550	1	64	65	64
Thu Sep 14 18:15:57 2023	1694704557	0	65	65	64
Thu Sep 14 18:15:57 2023	1694704557	0	65	65	65
Thu Sep 14 18:15:45 2023	1694704545	0	65	65	65
Thu Sep 14 18:15:51 2023	1694704551	1	64	65	64
Thu Sep 14 18:15:46 2023	1694704546	0	65	65	65
Thu Sep 14 18:15:48 2023	1694704548	0	65	65	65
Thu Sep 14 18:15:45 2023	1694704545	1	64	65	64
Thu Sep 14 18:15:44 2023	1694704544	0	65	65	65
Thu Sep 14 18:15:51 2023	1694704551	0	65	65	65
Thu Sep 14 18:15:55 2023	1694704555	0	65	65	65
Thu Sep 14 18:15:44 2023	1694704544	0	65	65	65
Thu Sep 14 18:15:53 2023	1694704553	0	65	65	65
Thu Sep 14 18:15:49 2023	1694704549	0	65	65	56
Thu Sep 14 18:15:56 2023	1694704556	0	65	65	65
Thu Sep 14 18:15:51 2023	1694704551	0	65	65	64
Thu Sep 14 18:15:50 2023	1694704550	0	65	65	64
Thu Sep 14 18:15:46 2023	1694704546	0	65	65	65
Thu Sep 14 18:15:48 2023	1694704548	0	65	65	64
Thu Sep 14 18:15:44 2023	1694704544	0	65	65	65
Thu Sep 14 18:15:54 2023	1694704554	0	65	65	65
Thu Sep 14 18:15:54 2023	1694704554	1	64	65	64
Thu Sep 14 18:15:47 2023	1694704547	0	65	65	63
Thu Sep 14 18:15:47 2023	1694704547	1	64	65	64
Thu Sep 14 18:15:45 2023	1694704545	1	64	65	64
Thu Sep 14 18:15:45 2023	1694704545	1	65	66	65
Thu Sep 14 18:15:46 2023	1694704546	0	66	66	65
Thu Sep 14 18:15:53 2023	1694704553	0	66	66	66
Thu Sep 14 18:15:45 2023	1694704545	1	65	66	65
Thu Sep 14 18:15:48 2023	1694704548	1	65	66	65
Thu Sep 14 18:15:46 2023	1694704546	0	66	66	66
Thu Sep 14 18:15:46 2023	1694704546	1	65	66	65
Thu Sep 14 18:15:45 2023	1694704545	0	66	66	66
Thu Sep 14 18:15:44 2023	1694704544	1	65	66	64
Thu Sep 14 18:15:50 2023	1694704550	0	66	66	63
Thu Sep 14 18:15:51 2023	1694704551	1	65	66	65
Thu Sep 14 18:15:51 2023	1694704551	1	65	66	65
Thu Sep 14 18:15:53 2023	1694704553	0	66	66	65
Thu Sep 14 18:15:44 2023	1694704544	0	66	66	66
Thu Sep 14 18:15:47 2023	1694704547	1	65	66	65
Thu Sep 14 18:15:49 2023	1694704549	1	65	66	65
Thu Sep 14 18:15:49 2023	1694704549	0	66	66	65
Thu Sep 14 18:15:50 2023	1694704550	0	66	66	65
Thu Sep 14 18:15:56 2023	1694704556	0	66	66	66
Thu Sep 14 18:15:56 2023	1694704556	1	65	66	65
Thu Sep 14 18:15:56 2023	1694704556	0	66	66	66
Thu Sep 14 18:15:55 2023	1694704555	0	66	66	66
Thu Sep 14 18:15:50 2023	1694704550	0	66	66	62
Thu Sep 14 18:15:45 2023	1694704545	1	65	66	65
Thu Sep 14 18:15:56 2023	1694704556	0	66	66	66
Thu Sep 14 18:15:56 2023	1694704556	1	65	66	65
Thu Sep 14 18:15:52 2023	1694704552	1	66	66	66
Thu Sep 14 18:15:46 2023	1694704546	1	65	66	65
Thu Sep 14 18:15:49 2023	1694704549	1	66	66	66
Thu Sep 14 18:15:48 2023	1694704548	1	66	66	66
Thu Sep 14 18:15:55 2023	1694704555	0	66	66	65
Thu Sep 14 18:15:48 2023	1694704548	0	66	66	66
Thu Sep 14 18:15:47 2023	1694704547	1	65	66	64
Thu Sep 14 18:15:55 2023	1694704555	1	66	66	66
Thu Sep 14 18:15:54 2023	1694704554	1	66	66	65
Thu Sep 14 18:15:50 2023	1694704550	0	66	66	66
Thu Sep 14 18:15:57 2023	1694704557	1	66	66	65
Thu Sep 14 18:15:50 2023	1694704550	1	65	66	63
Thu Sep 14 18:15:56 2023	1694704556	0	66	66	66
Thu Sep 14 18:15:53 2023	1694704553	0	66	66	65
Thu Sep 14 18:15:56 2023	1694704556	0	66	66	66
Thu Sep 14 18:15:56 2023	1694704556	0	66	66	66
Thu Sep 14 18:15:45 2023	1694704545	0	66	66	60
Thu Sep 14 18:15:51 2023	1694704551	0	66	66	66
Thu Sep 14 18:15:49 2023	1694704549	1	65	66	65
Thu Sep 14 18:15:45 2023	1694704545	0	66	66	66
Thu Sep 14 18:15:49 2023	1694704549	0	66	66	66
Thu Sep 14 18:15:46 2023	1694704546	0	66	66	66
Thu Sep 14 18:15:54 2023	1694704554	1	66	66	66
Thu Sep 14 18:15:52 2023	1694704552	0	66	66	65
Thu Sep 14 18:15:45 2023	1694704545	0	66	66	63
Thu Sep 14 18:15:46 2023	1694704546	1	65	66	65
Thu Sep 14 18:15:49 2023	1694704549	1	66	66	66
Thu Sep 14 18:15:44 2023	1694704544	0	66	66	64
Thu Sep 14 18:15:46 2023	1694704546	1	66	67	66
Thu Sep 14 18:15:47 2023	1694704547	0	67	67	67
Thu Sep 14 18:15:48 2023	1694704548	0	67	67	67
Thu Sep 14 18:15:49 2023	1694704549	1	66	67	66
Thu Sep 14 18:15:46 2023	1694704546	0	67	67	67
Thu Sep 14 18:15:52 2023	1694704552	0	67	67	67
Thu Sep 14 18:15:46 2023	1694704546	0	67	67	66
Thu Sep 14 18:15:48 2023	1694704548	0	67	67	67
Thu Sep 14 18:15:44 2023	1694704544	1	66	67	66
Thu Sep 14 18:15:51 2023	1694704551	1	66	67	66
Thu Sep 14 18:15:44 2023	1694704544	1	66	67	65
Thu Sep 14 18:15:49 2023	1694704549	1	66	67	66
Thu Sep 14 18:15:53 2023	1694704553	1	66	67	65
Thu Sep 14 18:15:56 2023	1694704556	1	66	67	66
Thu Sep 14 18:15:57 2023	1694704557	0	67	67	67
Thu Sep 14 18:15:46 2023	1694704546	1	66	67	65
Thu Sep 14 18:15:54 2023	1694704554	0	67	67	66
Thu Sep 14 18:15:48 2023	1694704548	0	67	67	66
Thu Sep 14 18:15:49 2023	1694704549	0	67	67	67
Thu Sep 14 18:15:52 2023	1694704552	1	66	67	66
Thu Sep 14 18:15:49 2023	1694704549	0	67	67	66
Thu Sep 14 18:15:45 2023	1694704545	1	67	67	67
Thu Sep 14 18:15:47 2023	1694704547	1	66	67	66
Thu Sep 14 18:15:49 2023	1694704549	0	67	67	67
Thu Sep 14 18:15:47 2023	1694704547	0	67	67	67
Thu Sep 14 18:15:55 2023	1694704555	1	67	67	67
Thu Sep 14 18:15:56 2023	1694704556	0	67	67	67
Thu Sep 14 18:15:46 2023	1694704546	1	67	67	67
Thu Sep 14 18:15:45 2023	1694704545	1	67	67	66
Thu Sep 14 18:15:50 2023	1694704550	0	67	67	67
Thu Sep 14 18:15:55 2023	1694704555	1	66	67	65
Thu Sep 14 18:15:51 2023	1694704551	0	67	67	67
Thu Sep 14 18:15:55 2023	1694704555	1	67	67	66
Thu Sep 14 18:15:48 2023	1694704548	0	67	67	66
Thu Sep 14 18:15:46 2023	1694704546	0	67	67	67
Thu Sep 14 18:15:50 2023	1694704550	1	67	68	67
Thu Sep 14 18:15:45 2023	1694704545	1	67	68	67
Thu Sep 14 18:15:52 2023	1694704552	0	68	68	65
Thu Sep 14 18:15:51 2023	1694704551	1	67	68	65
Thu Sep 14 18:15:48 2023	1694704548	1	67	68	67
Thu Sep 14 18:15:50 2023	1694704550	0	68	68	68
Thu Sep 14 18:15:46 2023	1694704546	0	68	68	68
Thu Sep 14 18:15:52 2023	1694704552	1	67	68	66
Thu Sep 14 18:15:55 2023	1694704555	0	68	68	68
Thu Sep 14 18:15:47 2023	1694704547	0	68	68	68
Thu Sep 14 18:15:52 2023	1694704552	0	68	68	65
Thu Sep 14 18:15:52 2023	1694704552	1	67	68	51
Thu Sep 14 18:15:56 2023	1694704556	0	68	68	68
Thu Sep 14 18:15:51 2023	1694704551	1	67	68	63
Thu Sep 14 18:15:44 2023	1694704544	0	68	68	68
Thu Sep 14 18:15:52 2023	1694704552	1	67	68	67
Thu Sep 14 18:15:44 2023	1694704544	0	68	68	68
Thu Sep 14 18:15:51 2023	1694704551	0	68	68	68
Thu Sep 14 18:15:50 2023	1694704550	0	68	68	68
Thu Sep 14 18:15:47 2023	1694704547	0	68	68	68
Thu Sep 14 18:15:48 2023	1694704548	1	67	68	66
Thu Sep 14 18:15:49 2023	1694704549	1	68	68	68
Thu Sep 14 18:15:46 2023	1694704546	0	68	68	68
Thu Sep 14 18:15:54 2023	1694704554	0	68	68	67
Thu Sep 14 18:15:49 2023	1694704549	0	68	68	68
Thu Sep 14 18:15:52 2023	1694704552	1	68	68	68
Thu Sep 14 18:15:44 2023	1694704544	1	68	68	60
Thu Sep 14 18:15:53 2023	1694704553	1	67	68	67
Thu Sep 14 18:15:51 2023	1694704551	0	68	68	68
Thu Sep 14 18:15:56 2023	1694704556	0	68	68	68
Thu Sep 14 18:15:48 2023	1694704548	1	68	68	68
Thu Sep 14 18:15:53 2023	1694704553	0	68	68	68
Thu Sep 14 18:15:45 2023	1694704545	1	68	68	68
Thu Sep 14 18:15:44 2023	1694704544	1	68	68	68
Thu Sep 14 18:15:49 2023	1694704549	0	68	68	68
Thu Sep 14 18:15:49 2023	1694704549	0	68	68	67
Thu Sep 14 18:15:49 2023	1694704549	1	68	68	68
Thu Sep 14 18:15:50 2023	1694704550	1	68	68	68
Thu Sep 14 18:15:51 2023	1694704551	0	68	68	68
Thu Sep 14 18:15:45 2023	1694704545	0	68	68	68
Thu Sep 14 18:15:45 2023	1694704545	0	68	68	68
Thu Sep 14 18:15:44 2023	1694704544	1	68	68	68
Thu Sep 14 18:15:47 2023	1694704547	1	68	69	68
Thu Sep 14 18:15:45 2023	1694704545	0	69	69	68
Thu Sep 14 18:15:44 2023	1694704544	0	69	69	68
Thu Sep 14 18:15:52 2023	1694704552	1	68	69	67
Thu Sep 14 18:15:50 2023	1694704550	0	69	69	65
Thu Sep 14 18:15:49 2023	1694704549	1	68	69	68
Thu Sep 14 18:15:44 2023	1694704544	0	69	69	69
Thu Sep 14 18:15:47 2023	1694704547	0	69	69	69
Thu Sep 14 18:15:47 2023	1694704547	0	69	69	69
Thu Sep 14 18:15:50 2023	1694704550	0	69	69	69
Thu Sep 14 18:15:47 2023	1694704547	1	68	69	68
Thu Sep 14 18:15:50 2023	1694704550	1	68	69	68
Thu Sep 14 18:15:48 2023	1694704548	0	69	69	67
Thu Sep 14 18:15:43 2023	1694704543	1	68	69	68
Thu Sep 14 18:15:49 2023	1694704549	1	68	69	67
Thu Sep 14 18:15:44 2023	1694704544	0	69	69	69
Thu Sep 14 18:15:55 2023	1694704555	0	69	69	66
Thu Sep 14 18:15:48 2023	1694704548	1	68	69	68
Thu Sep 14 18:15:55 2023	1694704555	0	69	69	68
Thu Sep 14 18:15:52 2023	1694704552	1	68	69	68
Thu Sep 14 18:15:49 2023	1694704549	0	69	69	69
Thu Sep 14 18:15:48 2023	1694704548	1	68	69	68
Thu Sep 14 18:15:51 2023	1694704551	1	68	69	68
Thu Sep 14 18:15:56 2023	1694704556	0	69	69	69
Thu Sep 14 18:15:45 2023	1694704545	0	69	69	69
Thu Sep 14 18:15:50 2023	1694704550	1	68	69	66
Thu Sep 14 18:15:49 2023	1694704549	0	69	69	68
Thu Sep 14 18:15:50 2023	1694704550	0	69	69	68
Thu Sep 14 18:15:52 2023	1694704552	0	69	69	69
Thu Sep 14 18:15:45 2023	1694704545	0	69	69	69
Thu Sep 14 18:15:45 2023	1694704545	1	69	69	69
Thu Sep 14 18:15:46 2023	1694704546	1	69	69	69
Thu Sep 14 18:15:46 2023	1694704546	0	69	69	69
Thu Sep 14 18:15:49 2023	1694704549	0	69	69	68
Thu Sep 14 18:15:48 2023	1694704548	1	68	69	68
Thu Sep 14 18:15:55 2023	1694704555	1	69	69	58
Thu Sep 14 18:15:49 2023	1694704549	1	68	69	68
Thu Sep 14 18:15:56 2023	1694704556	1	69	69	68
Thu Sep 14 18:15:51 2023	1694704551	1	69	69	69
Thu Sep 14 18:15:45 2023	1694704545	1	69	69	69
Thu Sep 14 18:15:53 2023	1694704553	0	69	69	69
Thu Sep 14 18:15:55 2023	1694704555	1	68	69	68
Thu Sep 14 18:15:45 2023	1694704545	0	69	69	69
Thu Sep 14 18:15:46 2023	1694704546	0	70	70	69
Thu Sep 14 18:15:50 2023	1694704550	0	70	70	69
Thu Sep 14 18:15:47 2023	1694704547	1	69	70	68
Thu Sep 14 18:15:52 2023	1694704552	0	70	70	68
Thu Sep 14 18:15:45 2023	1694704545	0	70	70	70
Thu Sep 14 18:15:53 2023	1694704553	1	69	70	69
Thu Sep 14 18:15:54 2023	1694704554	1	69	70	69
Thu Sep 14 18:15:49 2023	1694704549	0	70	70	70
Thu Sep 14 18:15:54 2023	1694704554	1	69	70	69
Thu Sep 14 18:15:51 2023	1694704551	0	70	70	70
Thu Sep 14 18:15:53 2023	1694704553	1	69	70	68
Thu Sep 14 18:15:56 2023	1694704556	0	70	70	69
Thu Sep 14 18:15:45 2023	1694704545	0	70	70	70
Thu Sep 14 18:15:46 2023	1694704546	0	70	70	70
Thu Sep 14 18:15:44 2023	1694704544	1	69	70	69
Thu Sep 14 18:15:45 2023	1694704545	1	69	70	69
Thu Sep 14 18:15:47 2023	1694704547	0	70	70	70
Thu Sep 14 18:15:53 2023	1694704553	0	70	70	70
Thu Sep 14 18:15:50 2023	1694704550	0	70	70	70
Thu Sep 14 18:15:55 2023	1694704555	1	69	70	69
Thu Sep 14 18:15:50 2023	1694704550	1	70	70	70
Thu Sep 14 18:15:46 2023	1694704546	0	70	70	70
Thu Sep 14 18:15:49 2023	1694704549	0	70	70	69
Thu Sep 14 18:15:54 2023	1694704554	0	70	70	70
Thu Sep 14 18:15:51 2023	1694704551	0	70	70	70
Thu Sep 14 18:15:50 2023	1694704550	0	70	70	70
Thu Sep 14 18:15:46 2023	1694704546	1	69	70	60
Thu Sep 14 18:15:48 2023	1694704548	0	70	70	70
Thu Sep 14 18:15:53 2023	1694704553	0	70	70	70
Thu Sep 14 18:15:48 2023	1694704548	1	69	70	67
Thu Sep 14 18:15:46 2023	1694704546	1	70	70	70
Thu Sep 14 18:15:57 2023	1694704557	1	70	70	70
Thu Sep 14 18:15:49 2023	1694704549	0	71	71	68
Thu Sep 14 18:15:49 2023	1694704549	0	70	71	70
Thu Sep 14 18:15:51 2023	1694704551	0	71	71	70
Thu Sep 14 18:15:48 2023	1694704548	0	71	71	68
Thu Sep 14 18:15:47 2023	1694704547	0	71	71	70
Thu Sep 14 18:15:44 2023	1694704544	1	70	71	70
Thu Sep 14 18:15:46 2023	1694704546	1	70	71	70
Thu Sep 14 18:15:53 2023	1694704553	1	70	71	69
Thu Sep 14 18:15:46 2023	1694704546	1	70	71	70
Thu Sep 14 18:15:54 2023	1694704554	1	70	71	70
Thu Sep 14 18:15:54 2023	1694704554	1	70	71	70
Thu Sep 14 18:15:52 2023	1694704552	0	71	71	71
Thu Sep 14 18:15:44 2023	1694704544	0	71	71	71
Thu Sep 14 18:15:55 2023	1694704555	0	71	71	71
Thu Sep 14 18:15:46 2023	1694704546	1	71	71	70
Thu Sep 14 18:15:49 2023	1694704549	1	70	71	70
Thu Sep 14 18:15:52 2023	1694704552	1	70	71	70
Thu Sep 14 18:15:45 2023	1694704545	0	71	71	71
Thu Sep 14 18:15:45 2023	1694704545	0	71	71	71
Thu Sep 14 18:15:52 2023	1694704552	0	71	71	71
Thu Sep 14 18:15:56 2023	1694704556	0	71	71	71
Thu Sep 14 18:15:50 2023	1694704550	0	71	71	69
Thu Sep 14 18:15:53 2023	1694704553	0	71	72	70
Thu Sep 14 18:15:54 2023	1694704554	0	72	72	72
Thu Sep 14 18:15:45 2023	1694704545	0	72	72	72
Thu Sep 14 18:15:57 2023	1694704557	0	72	72	72
Thu Sep 14 18:15:51 2023	1694704551	1	71	72	71
Thu Sep 14 18:15:45 2023	1694704545	1	71	72	69
Thu Sep 14 18:15:49 2023	1694704549	1	71	72	71
Thu Sep 14 18:15:54 2023	1694704554	0	72	72	71
Thu Sep 14 18:15:46 2023	1694704546	1	71	72	71
Thu Sep 14 18:15:46 2023	1694704546	0	72	72	72
Thu Sep 14 18:15:53 2023	1694704553	1	72	72	71
Thu Sep 14 18:15:51 2023	1694704551	0	72	72	72
Thu Sep 14 18:15:49 2023	1694704549	0	72	72	71
Thu Sep 14 18:15:49 2023	1694704549	1	72	72	72
Thu Sep 14 18:15:50 2023	1694704550	0	72	72	71
Thu Sep 14 18:15:54 2023	1694704554	1	72	72	72
Thu Sep 14 18:15:54 2023	1694704554	0	72	72	72
Thu Sep 14 18:15:52 2023	1694704552	1	72	72	71
Thu Sep 14 18:15:44 2023	1694704544	0	72	72	70
Thu Sep 14 18:15:56 2023	1694704556	0	72	72	72
Thu Sep 14 18:15:44 2023	1694704544	0	72	72	72
Thu Sep 14 18:15:49 2023	1694704549	1	72	73	72
Thu Sep 14 18:15:48 2023	1694704548	0	73	73	73
Thu Sep 14 18:15:50 2023	1694704550	0	73	73	73
Thu Sep 14 18:15:48 2023	1694704548	1	72	73	71
Thu Sep 14 18:15:50 2023	1694704550	0	73	73	68
Thu Sep 14 18:15:47 2023	1694704547	1	72	73	72
Thu Sep 14 18:15:46 2023	1694704546	1	72	73	72
Thu Sep 14 18:15:50 2023	1694704550	0	73	73	73
Thu Sep 14 18:15:48 2023	1694704548	0	73	73	73
Thu Sep 14 18:15:49 2023	1694704549	0	73	73	72
Thu Sep 14 18:15:55 2023	1694704555	0	73	73	72
Thu Sep 14 18:15:48 2023	1694704548	0	73	73	66
Thu Sep 14 18:15:53 2023	1694704553	1	72	73	70
Thu Sep 14 18:15:54 2023	1694704554	1	73	73	72
Thu Sep 14 18:15:55 2023	1694704555	0	73	73	73
Thu Sep 14 18:15:55 2023	1694704555	1	72	73	59
Thu Sep 14 18:15:55 2023	1694704555	0	73	73	67
Thu Sep 14 18:15:46 2023	1694704546	0	73	73	73
Thu Sep 14 18:15:55 2023	1694704555	0	73	73	73
Thu Sep 14 18:15:45 2023	1694704545	0	73	73	73
Thu Sep 14 18:15:47 2023	1694704547	1	72	73	72
Thu Sep 14 18:15:45 2023	1694704545	1	73	73	73
Thu Sep 14 18:15:53 2023	1694704553	1	73	73	73
Thu Sep 14 18:15:51 2023	1694704551	1	73	73	72
Thu Sep 14 18:15:57 2023	1694704557	0	73	73	63
Thu Sep 14 18:15:47 2023	1694704547	1	72	73	72
Thu Sep 14 18:15:44 2023	1694704544	1	73	73	72
Thu Sep 14 18:15:46 2023	1694704546	2	72	74	72
Thu Sep 14 18:15:45 2023	1694704545	0	74	74	73
Thu Sep 14 18:15:47 2023	1694704547	0	74	74	67
Thu Sep 14 18:15:48 2023	1694704548	0	74	74	74
Thu Sep 14 18:15:50 2023	1694704550	0	74	74	74
Thu Sep 14 18:15:49 2023	1694704549	1	73	74	73
Thu Sep 14 18:15:51 2023	1694704551	0	74	74	74
Thu Sep 14 18:15:47 2023	1694704547	0	74	74	66
Thu Sep 14 18:15:52 2023	1694704552	1	73	74	73
Thu Sep 14 18:15:45 2023	1694704545	1	73	74	73
Thu Sep 14 18:15:45 2023	1694704545	1	73	74	73
Thu Sep 14 18:15:51 2023	1694704551	0	74	74	68
Thu Sep 14 18:15:46 2023	1694704546	0	74	74	73
Thu Sep 14 18:15:50 2023	1694704550	0	74	74	73
Thu Sep 14 18:15:53 2023	1694704553	1	73	74	73
Thu Sep 14 18:15:48 2023	1694704548	1	73	74	73
Thu Sep 14 18:15:55 2023	1694704555	1	73	74	73
Thu Sep 14 18:15:46 2023	1694704546	0	74	74	74
Thu Sep 14 18:15:48 2023	1694704548	1	73	74	73
Thu Sep 14 18:15:56 2023	1694704556	0	74	74	73
Thu Sep 14 18:15:54 2023	1694704554	0	74	74	73
Thu Sep 14 18:15:48 2023	1694704548	1	73	74	73
Thu Sep 14 18:15:50 2023	1694704550	1	73	74	66
Thu Sep 14 18:15:55 2023	1694704555	1	73	74	73
Thu Sep 14 18:15:44 2023	1694704544	1	74	74	74
Thu Sep 14 18:15:50 2023	1694704550	0	74	74	74
Thu Sep 14 18:15:56 2023	1694704556	0	74	74	74
Thu Sep 14 18:15:46 2023	1694704546	0	74	74	74
Thu Sep 14 18:15:55 2023	1694704555	0	74	74	65
Thu Sep 14 18:15:49 2023	1694704549	1	73	74	73
Thu Sep 14 18:15:47 2023	1694704547	0	74	74	74
Thu Sep 14 18:15:53 2023	1694704553	1	74	74	74
Thu Sep 14 18:15:52 2023	1694704552	1	74	74	74
Thu Sep 14 18:15:54 2023	1694704554	1	74	74	74
Thu Sep 14 18:15:46 2023	1694704546	0	74	74	74
Thu Sep 14 18:15:51 2023	1694704551	0	74	74	74
Thu Sep 14 18:15:55 2023	1694704555	1	74	75	71
Thu Sep 14 18:15:51 2023	1694704551	1	74	75	74
Thu Sep 14 18:15:49 2023	1694704549	0	75	75	75
Thu Sep 14 18:15:53 2023	1694704553	1	74	75	74
Thu Sep 14 18:15:55 2023	1694704555	0	75	75	75
Thu Sep 14 18:15:50 2023	1694704550	1	74	75	74
Thu Sep 14 18:15:50 2023	1694704550	0	75	75	75
Thu Sep 14 18:15:48 2023	1694704548	0	75	75	75
Thu Sep 14 18:15:48 2023	1694704548	2	73	75	73
Thu Sep 14 18:15:44 2023	1694704544	0	75	75	75
Thu Sep 14 18:15:54 2023	1694704554	0	75	75	75
Thu Sep 14 18:15:51 2023	1694704551	0	75	75	75
Thu Sep 14 18:15:46 2023	1694704546	0	75	75	75
Thu Sep 14 18:15:48 2023	1694704548	0	75	75	74
Thu Sep 14 18:15:57 2023	1694704557	1	74	75	70
Thu Sep 14 18:15:44 2023	1694704544	1	75	75	75
Thu Sep 14 18:15:55 2023	1694704555	0	75	75	75
Thu Sep 14 18:15:52 2023	1694704552	0	75	75	75
Thu Sep 14 18:15:44 2023	1694704544	0	75	75	75
Thu Sep 14 18:15:46 2023	1694704546	0	75	75	74
Thu Sep 14 18:15:53 2023	1694704553	0	75	75	74
Thu Sep 14 18:15:55 2023	1694704555	0	75	75	75
Thu Sep 14 18:15:55 2023	1694704555	0	75	75	67
Thu Sep 14 18:15:55 2023	1694704555	0	75	75	75
Thu Sep 14 18:15:44 2023	1694704544	0	75	75	75
Thu Sep 14 18:15:44 2023	1694704544	1	75	75	75
Thu Sep 14 18:15:49 2023	1694704549	1	75	75	75
Thu Sep 14 18:15:46 2023	1694704546	1	74	75	74
Thu Sep 14 18:15:47 2023	1694704547	1	74	75	73
Thu Sep 14 18:15:52 2023	1694704552	0	75	75	69
Thu Sep 14 18:15:52 2023	1694704552	0	75	75	75
Thu Sep 14 18:15:56 2023	1694704556	0	75	75	75
Thu Sep 14 18:15:43 2023	1694704543	1	74	75	73
Thu Sep 14 18:15:48 2023	1694704548	0	75	75	75
Thu Sep 14 18:15:51 2023	1694704551	0	75	75	74
Thu Sep 14 18:15:48 2023	1694704548	1	75	75	67
Thu Sep 14 18:15:43 2023	1694704543	0	75	75	74
Thu Sep 14 18:15:50 2023	1694704550	0	76	76	75
Thu Sep 14 18:15:55 2023	1694704555	0	76	76	76
Thu Sep 14 18:15:53 2023	1694704553	0	76	76	75
Thu Sep 14 18:15:54 2023	1694704554	1	75	76	75
Thu Sep 14 18:15:47 2023	1694704547	0	76	76	76
Thu Sep 14 18:15:52 2023	1694704552	0	75	76	75
Thu Sep 14 18:15:48 2023	1694704548	0	76	76	76
Thu Sep 14 18:15:49 2023	1694704549	0	76	76	76
Thu Sep 14 18:15:51 2023	1694704551	1	75	76	75
Thu Sep 14 18:15:53 2023	1694704553	0	76	76	75
Thu Sep 14 18:15:46 2023	1694704546	1	75	76	75
Thu Sep 14 18:15:54 2023	1694704554	1	75	76	75
Thu Sep 14 18:15:53 2023	1694704553	0	76	76	76
Thu Sep 14 18:15:48 2023	1694704548	1	75	76	73
Thu Sep 14 18:15:53 2023	1694704553	0	76	76	75
Thu Sep 14 18:15:44 2023	1694704544	0	76	76	76
Thu Sep 14 18:15:50 2023	1694704550	1	75	76	75
Thu Sep 14 18:15:55 2023	1694704555	0	76	76	76
Thu Sep 14 18:15:48 2023	1694704548	0	76	76	74
Thu Sep 14 18:15:53 2023	1694704553	0	76	76	76
Thu Sep 14 18:15:53 2023	1694704553	0	76	76	76
Thu Sep 14 18:15:48 2023	1694704548	1	76	76	76
Thu Sep 14 18:15:54 2023	1694704554	1	76	76	76
Thu Sep 14 18:15:52 2023	1694704552	1	75	76	75
Thu Sep 14 18:15:48 2023	1694704548	1	76	76	76
Thu Sep 14 18:15:54 2023	1694704554	1	75	76	75
Thu Sep 14 18:15:47 2023	1694704547	0	76	76	76
Thu Sep 14 18:15:44 2023	1694704544	1	75	76	75
Thu Sep 14 18:15:56 2023	1694704556	1	76	76	76
Thu Sep 14 18:15:54 2023	1694704554	0	76	76	76
Thu Sep 14 18:15:55 2023	1694704555	1	76	77	76
Thu Sep 14 18:15:55 2023	1694704555	1	76	77	76
Thu Sep 14 18:15:50 2023	1694704550	1	76	77	76
Thu Sep 14 18:15:48 2023	1694704548	0	77	77	77
Thu Sep 14 18:15:45 2023	1694704545	1	76	77	75
Thu Sep 14 18:15:47 2023	1694704547	0	77	77	77
Thu Sep 14 18:15:53 2023	1694704553	1	76	77	75
Thu Sep 14 18:15:48 2023	1694704548	1	76	77	76
Thu Sep 14 18:15:45 2023	1694704545	1	76	77	76
Thu Sep 14 18:15:56 2023	1694704556	1	76	77	68
Thu Sep 14 18:15:48 2023	1694704548	1	76	77	75
Thu Sep 14 18:15:50 2023	1694704550	0	77	77	77
Thu Sep 14 18:15:56 2023	1694704556	1	76	77	76
Thu Sep 14 18:15:51 2023	1694704551	0	77	77	77
Thu Sep 14 18:15:54 2023	1694704554	1	76	77	76
Thu Sep 14 18:15:52 2023	1694704552	0	77	77	77
Thu Sep 14 18:15:45 2023	1694704545	0	77	77	77
Thu Sep 14 18:15:52 2023	1694704552	0	77	77	77
Thu Sep 14 18:15:48 2023	1694704548	1	76	77	76
Thu Sep 14 18:15:54 2023	1694704554	0	77	77	77
Thu Sep 14 18:15:56 2023	1694704556	0	77	77	77
Thu Sep 14 18:15:51 2023	1694704551	1	76	77	75
Thu Sep 14 18:15:54 2023	1694704554	1	76	77	76
Thu Sep 14 18:15:51 2023	1694704551	0	77	77	77
Thu Sep 14 18:15:47 2023	1694704547	1	77	77	77
Thu Sep 14 18:15:49 2023	1694704549	0	77	77	67
Thu Sep 14 18:15:51 2023	1694704551	1	77	77	77
Thu Sep 14 18:15:49 2023	1694704549	1	77	77	76
Thu Sep 14 18:15:50 2023	1694704550	0	77	77	77
Thu Sep 14 18:15:48 2023	1694704548	0	77	77	77
Thu Sep 14 18:15:51 2023	1694704551	1	77	77	77
Thu Sep 14 18:15:49 2023	1694704549	0	77	77	77
Thu Sep 14 18:15:46 2023	1694704546	0	77	77	77
Thu Sep 14 18:15:55 2023	1694704555	1	77	77	76
Thu Sep 14 18:15:44 2023	1694704544	0	77	77	77
Thu Sep 14 18:15:52 2023	1694704552	1	77	78	73
Thu Sep 14 18:15:56 2023	1694704556	0	78	78	78
Thu Sep 14 18:15:55 2023	1694704555	1	77	78	74
Thu Sep 14 18:15:53 2023	1694704553	0	78	78	77
Thu Sep 14 18:15:54 2023	1694704554	0	78	78	77
Thu Sep 14 18:15:52 2023	1694704552	1	77	78	77
Thu Sep 14 18:15:54 2023	1694704554	0	77	78	76
Thu Sep 14 18:15:47 2023	1694704547	1	77	78	77
Thu Sep 14 18:15:53 2023	1694704553	0	78	78	77
Thu Sep 14 18:15:47 2023	1694704547	1	77	78	77
Thu Sep 14 18:15:55 2023	1694704555	0	78	78	77
Thu Sep 14 18:15:51 2023	1694704551	1	77	78	77
Thu Sep 14 18:15:54 2023	1694704554	1	77	78	77
Thu Sep 14 18:15:53 2023	1694704553	0	78	78	78
Thu Sep 14 18:15:56 2023	1694704556	1	77	78	77
Thu Sep 14 18:15:54 2023	1694704554	1	77	78	68
Thu Sep 14 18:15:46 2023	1694704546	0	78	78	78
Thu Sep 14 18:15:43 2023	1694704543	1	77	78	77
Thu Sep 14 18:15:52 2023	1694704552	0	78	78	78
Thu Sep 14 18:15:47 2023	1694704547	0	78	78	77
Thu Sep 14 18:15:52 2023	1694704552	0	78	78	78
Thu Sep 14 18:15:50 2023	1694704550	0	78	78	78
Thu Sep 14 18:15:54 2023	1694704554	1	78	78	78
Thu Sep 14 18:15:51 2023	1694704551	0	78	78	77
Thu Sep 14 18:15:53 2023	1694704553	1	77	78	77
Thu Sep 14 18:15:55 2023	1694704555	0	78	78	78
Thu Sep 14 18:15:51 2023	1694704551	0	78	78	78
Thu Sep 14 18:15:51 2023	1694704551	0	78	78	78
Thu Sep 14 18:15:53 2023	1694704553	1	78	79	78
Thu Sep 14 18:15:52 2023	1694704552	1	78	79	77
Thu Sep 14 18:15:51 2023	1694704551	0	79	79	78
Thu Sep 14 18:15:52 2023	1694704552	0	79	79	78
Thu Sep 14 18:15:44 2023	1694704544	0	79	79	79
Thu Sep 14 18:15:55 2023	1694704555	0	79	79	79
Thu Sep 14 18:15:49 2023	1694704549	0	79	79	78
Thu Sep 14 18:15:50 2023	1694704550	2	77	79	77
Thu Sep 14 18:15:56 2023	1694704556	0	79	79	78
Thu Sep 14 18:15:44 2023	1694704544	1	78	79	78
Thu Sep 14 18:15:44 2023	1694704544	0	79	79	67
Thu Sep 14 18:15:56 2023	1694704556	1	78	79	78
Thu Sep 14 18:15:53 2023	1694704553	0	79	79	79
Thu Sep 14 18:15:49 2023	1694704549	1	78	79	78
Thu Sep 14 18:15:45 2023	1694704545	1	79	79	79
Thu Sep 14 18:15:50 2023	1694704550	1	78	79	77
Thu Sep 14 18:15:53 2023	1694704553	0	79	79	79
Thu Sep 14 18:15:48 2023	1694704548	0	79	79	79
Thu Sep 14 18:15:55 2023	1694704555	0	79	79	79
Thu Sep 14 18:15:44 2023	1694704544	0	79	79	79
Thu Sep 14 18:15:50 2023	1694704550	1	79	79	78
Thu Sep 14 18:15:46 2023	1694704546	0	79	79	79
Thu Sep 14 18:15:53 2023	1694704553	0	79	79	79
Thu Sep 14 18:15:56 2023	1694704556	1	79	80	79
Thu Sep 14 18:15:52 2023	1694704552	0	80	80	79
Thu Sep 14 18:15:51 2023	1694704551	1	79	80	79
Thu Sep 14 18:15:54 2023	1694704554	1	79	80	79
Thu Sep 14 18:15:52 2023	1694704552	1	79	80	78
Thu Sep 14 18:15:48 2023	1694704548	0	80	80	80
Thu Sep 14 18:15:55 2023	1694704555	1	79	80	79
Thu Sep 14 18:15:53 2023	1694704553	0	80	80	80
Thu Sep 14 18:15:50 2023	1694704550	0	80	80	78
Thu Sep 14 18:15:49 2023	1694704549	0	80	80	80
Thu Sep 14 18:15:49 2023	1694704549	1	79	80	78
Thu Sep 14 18:15:57 2023	1694704557	0	80	80	79
Thu Sep 14 18:15:55 2023	1694704555	0	80	80	80
Thu Sep 14 18:15:54 2023	1694704554	0	80	80	80
Thu Sep 14 18:15:55 2023	1694704555	0	80	80	80
Thu Sep 14 18:15:56 2023	1694704556	0	80	80	80
Thu Sep 14 18:15:48 2023	1694704548	0	80	80	80
Thu Sep 14 18:15:45 2023	1694704545	1	80	80	76
Thu Sep 14 18:15:57 2023	1694704557	0	80	80	73
Thu Sep 14 18:15:44 2023	1694704544	0	80	80	76
Thu Sep 14 18:15:44 2023	1694704544	1	80	80	80
Thu Sep 14 18:15:44 2023	1694704544	0	80	80	80
Thu Sep 14 18:15:50 2023	1694704550	0	80	80	79
Thu Sep 14 18:15:56 2023	1694704556	0	81	81	81
Thu Sep 14 18:15:52 2023	1694704552	0	81	81	79
Thu Sep 14 18:15:50 2023	1694704550	1	80	81	78
Thu Sep 14 18:15:52 2023	1694704552	1	80	81	80
Thu Sep 14 18:15:52 2023	1694704552	1	80	81	80
Thu Sep 14 18:15:51 2023	1694704551	0	80	81	80
Thu Sep 14 18:15:56 2023	1694704556	0	81	81	81
Thu Sep 14 18:15:48 2023	1694704548	0	81	81	80
Thu Sep 14 18:15:56 2023	1694704556	0	81	81	81
Thu Sep 14 18:15:51 2023	1694704551	0	81	81	80
Thu Sep 14 18:15:49 2023	1694704549	0	81	81	81
Thu Sep 14 18:15:47 2023	1694704547	0	81	81	81
Thu Sep 14 18:15:48 2023	1694704548	1	80	81	80
Thu Sep 14 18:15:44 2023	1694704544	0	81	81	73
Thu Sep 14 18:15:46 2023	1694704546	1	80	81	80
Thu Sep 14 18:15:45 2023	1694704545	0	81	81	77
Thu Sep 14 18:15:54 2023	1694704554	0	81	81	81
Thu Sep 14 18:15:54 2023	1694704554	1	80	81	80
Thu Sep 14 18:15:53 2023	1694704553	0	81	81	81
Thu Sep 14 18:15:45 2023	1694704545	1	80	81	80
Thu Sep 14 18:15:47 2023	1694704547	1	80	81	80
Thu Sep 14 18:15:47 2023	1694704547	0	81	81	81
Thu Sep 14 18:15:45 2023	1694704545	1	80	81	80
Thu Sep 14 18:15:49 2023	1694704549	0	81	81	76
Thu Sep 14 18:15:47 2023	1694704547	0	81	81	81
Thu Sep 14 18:15:52 2023	1694704552	0	82	82	82
Thu Sep 14 18:15:45 2023	1694704545	0	82	82	82
Thu Sep 14 18:15:46 2023	1694704546	1	81	82	81
Thu Sep 14 18:15:50 2023	1694704550	1	81	82	81
Thu Sep 14 18:15:50 2023	1694704550	0	81	82	70
Thu Sep 14 18:15:52 2023	1694704552	0	82	82	82
Thu Sep 14 18:15:54 2023	1694704554	1	81	82	81
Thu Sep 14 18:15:47 2023	1694704547	0	82	82	82
Thu Sep 14 18:15:46 2023	1694704546	1	81	82	80
Thu Sep 14 18:15:43 2023	1694704543	1	82	82	80
Thu Sep 14 18:15:53 2023	1694704553	0	82	82	82
Thu Sep 14 18:15:54 2023	1694704554	0	82	82	82
Thu Sep 14 18:15:53 2023	1694704553	0	82	82	82
Thu Sep 14 18:15:54 2023	1694704554	1	82	82	80
Thu Sep 14 18:15:48 2023	1694704548	1	82	82	81
Thu Sep 14 18:15:54 2023	1694704554	0	82	82	82
Thu Sep 14 18:15:44 2023	1694704544	0	82	82	81
Thu Sep 14 18:15:51 2023	1694704551	1	81	82	81
Thu Sep 14 18:15:56 2023	1694704556	0	82	82	82
Thu Sep 14 18:15:51 2023	1694704551	0	82	82	82
Thu Sep 14 18:15:46 2023	1694704546	0	82	82	82
Thu Sep 14 18:15:46 2023	1694704546	0	82	82	82
Thu Sep 14 18:15:54 2023	1694704554	0	82	82	82
Thu Sep 14 18:15:55 2023	1694704555	0	82	82	82
Thu Sep 14 18:15:48 2023	1694704548	0	82	82	82
Thu Sep 14 18:15:50 2023	1694704550	1	82	82	82
Thu Sep 14 18:15:51 2023	1694704551	0	82	82	80
Thu Sep 14 18:15:54 2023	1694704554	0	82	82	82
Thu Sep 14 18:15:55 2023	1694704555	1	82	83	80
Thu Sep 14 18:15:47 2023	1694704547	1	82	83	82
Thu Sep 14 18:15:51 2023	1694704551	0	83	83	83
Thu Sep 14 18:15:51 2023	1694704551	0	83	83	83
Thu Sep 14 18:15:53 2023	1694704553	0	83	83	83
Thu Sep 14 18:15:44 2023	1694704544	1	82	83	82
Thu Sep 14 18:15:44 2023	1694704544	0	83	83	82
Thu Sep 14 18:15:56 2023	1694704556	0	83	83	83
Thu Sep 14 18:15:54 2023	1694704554	0	83	83	83
Thu Sep 14 18:15:47 2023	1694704547	1	82	83	80
Thu Sep 14 18:15:47 2023	1694704547	0	83	83	83
Thu Sep 14 18:15:49 2023	1694704549	0	83	83	83
Thu Sep 14 18:15:53 2023	1694704553	0	83	83	82
Thu Sep 14 18:15:46 2023	1694704546	0	83	83	83
Thu Sep 14 18:15:48 2023	1694704548	1	82	83	82
Thu Sep 14 18:15:55 2023	1694704555	1	83	83	74
Thu Sep 14 18:15:53 2023	1694704553	0	83	83	82
Thu Sep 14 18:15:49 2023	1694704549	0	83	83	80
Thu Sep 14 18:15:54 2023	1694704554	1	83	83	80
Thu Sep 14 18:15:44 2023	1694704544	0	83	83	82
Thu Sep 14 18:15:55 2023	1694704555	1	83	83	82
Thu Sep 14 18:15:50 2023	1694704550	1	83	83	77
Thu Sep 14 18:15:53 2023	1694704553	1	82	83	82
Thu Sep 14 18:15:54 2023	1694704554	0	83	83	82
Thu Sep 14 18:15:51 2023	1694704551	0	83	83	83
Thu Sep 14 18:15:50 2023	1694704550	1	82	83	82
Thu Sep 14 18:15:46 2023	1694704546	0	83	83	79
Thu Sep 14 18:15:44 2023	1694704544	0	84	84	79
Thu Sep 14 18:15:56 2023	1694704556	0	84	84	83
Thu Sep 14 18:15:46 2023	1694704546	0	84	84	84
Thu Sep 14 18:15:53 2023	1694704553	1	83	84	81
Thu Sep 14 18:15:50 2023	1694704550	1	83	84	83
Thu Sep 14 18:15:55 2023	1694704555	0	84	84	73
Thu Sep 14 18:15:52 2023	1694704552	1	83	84	83
Thu Sep 14 18:15:53 2023	1694704553	0	84	84	84
Thu Sep 14 18:15:55 2023	1694704555	1	83	84	83
Thu Sep 14 18:15:52 2023	1694704552	1	83	84	83
Thu Sep 14 18:15:47 2023	1694704547	1	83	84	83
Thu Sep 14 18:15:52 2023	1694704552	1	83	84	83
Thu Sep 14 18:15:53 2023	1694704553	1	84	84	84
Thu Sep 14 18:15:51 2023	1694704551	1	84	84	84
Thu Sep 14 18:15:51 2023	1694704551	0	84	84	84
Thu Sep 14 18:15:53 2023	1694704553	0	84	84	84
Thu Sep 14 18:15:47 2023	1694704547	0	84	84	84
Thu Sep 14 18:15:55 2023	1694704555	1	84	84	82
Thu Sep 14 18:15:53 2023	1694704553	1	84	84	84
Thu Sep 14 18:15:46 2023	1694704546	1	83	84	83
Thu Sep 14 18:15:53 2023	1694704553	0	84	84	84
Thu Sep 14 18:15:50 2023	1694704550	0	84	84	75
Thu Sep 14 18:15:53 2023	1694704553	0	84	84	84
Thu Sep 14 18:15:45 2023	1694704545	0	84	84	84
Thu Sep 14 18:15:44 2023	1694704544	1	84	84	84
Thu Sep 14 18:15:56 2023	1694704556	1	84	84	84
Thu Sep 14 18:15:51 2023	1694704551	1	84	84	73
Thu Sep 14 18:15:56 2023	1694704556	1	83	85	81
Thu Sep 14 18:15:52 2023	1694704552	1	84	85	83
Thu Sep 14 18:15:50 2023	1694704550	0	85	85	85
Thu Sep 14 18:15:50 2023	1694704550	0	85	85	85
Thu Sep 14 18:15:54 2023	1694704554	0	85	85	85
Thu Sep 14 18:15:46 2023	1694704546	0	85	85	85
Thu Sep 14 18:15:55 2023	1694704555	0	85	85	85
Thu Sep 14 18:15:44 2023	1694704544	0	85	85	85
Thu Sep 14 18:15:55 2023	1694704555	1	84	85	84
Thu Sep 14 18:15:55 2023	1694704555	0	85	85	85
Thu Sep 14 18:15:47 2023	1694704547	0	85	85	76
Thu Sep 14 18:15:52 2023	1694704552	0	85	85	77
Thu Sep 14 18:15:53 2023	1694704553	1	85	85	84
Thu Sep 14 18:15:44 2023	1694704544	1	85	85	84
Thu Sep 14 18:15:48 2023	1694704548	0	85	85	84
Thu Sep 14 18:15:49 2023	1694704549	0	86	86	86
Thu Sep 14 18:15:50 2023	1694704550	1	85	86	81
Thu Sep 14 18:15:48 2023	1694704548	0	86	86	86
Thu Sep 14 18:15:51 2023	1694704551	1	85	86	85
Thu Sep 14 18:15:46 2023	1694704546	1	85	86	85
Thu Sep 14 18:15:50 2023	1694704550	1	85	86	85
Thu Sep 14 18:15:52 2023	1694704552	0	86	86	86
Thu Sep 14 18:15:56 2023	1694704556	1	85	86	85
Thu Sep 14 18:15:52 2023	1694704552	1	85	86	85
Thu Sep 14 18:15:55 2023	1694704555	0	86	86	85
Thu Sep 14 18:15:48 2023	1694704548	0	86	86	86
Thu Sep 14 18:15:56 2023	1694704556	1	85	86	85
Thu Sep 14 18:15:55 2023	1694704555	1	85	86	84
Thu Sep 14 18:15:52 2023	1694704552	1	85	86	85
Thu Sep 14 18:15:45 2023	1694704545	1	85	86	85
Thu Sep 14 18:15:51 2023	1694704551	1	85	86	85
Thu Sep 14 18:15:55 2023	1694704555	1	86	86	86
Thu Sep 14 18:15:56 2023	1694704556	1	86	86	86
Thu Sep 14 18:15:52 2023	1694704552	0	86	86	86
Thu Sep 14 18:15:44 2023	1694704544	0	86	86	86
Thu Sep 14 18:15:55 2023	1694704555	0	86	86	85
Thu Sep 14 18:15:51 2023	1694704551	0	86	86	86
Thu Sep 14 18:15:44 2023	1694704544	1	86	86	85
Thu Sep 14 18:15:53 2023	1694704553	0	87	87	87
Thu Sep 14 18:15:55 2023	1694704555	0	87	87	87
Thu Sep 14 18:15:56 2023	1694704556	1	86	87	85
Thu Sep 14 18:15:47 2023	1694704547	1	86	87	86
Thu Sep 14 18:15:47 2023	1694704547	0	87	87	87
Thu Sep 14 18:15:57 2023	1694704557	1	86	87	86
Thu Sep 14 18:15:45 2023	1694704545	1	86	87	85
Thu Sep 14 18:15:55 2023	1694704555	0	87	87	85
Thu Sep 14 18:15:54 2023	1694704554	1	86	87	86
Thu Sep 14 18:15:54 2023	1694704554	0	87	87	87
Thu Sep 14 18:15:48 2023	1694704548	1	86	87	86
Thu Sep 14 18:15:55 2023	1694704555	0	87	87	87
Thu Sep 14 18:15:48 2023	1694704548	0	87	87	87
Thu Sep 14 18:15:46 2023	1694704546	1	87	87	85
Thu Sep 14 18:15:56 2023	1694704556	1	87	87	86
Thu Sep 14 18:15:47 2023	1694704547	1	86	87	86
Thu Sep 14 18:15:52 2023	1694704552	1	86	87	86
Thu Sep 14 18:15:45 2023	1694704545	1	86	87	85
Thu Sep 14 18:15:53 2023	1694704553	1	86	87	76
Thu Sep 14 18:15:52 2023	1694704552	1	87	87	87
Thu Sep 14 18:15:51 2023	1694704551	0	87	87	85
Thu Sep 14 18:15:57 2023	1694704557	0	88	88	88
Thu Sep 14 18:15:45 2023	1694704545	0	87	88	87
Thu Sep 14 18:15:49 2023	1694704549	0	88	88	87
Thu Sep 14 18:15:52 2023	1694704552	0	88	88	86
Thu Sep 14 18:15:50 2023	1694704550	1	87	88	75
Thu Sep 14 18:15:50 2023	1694704550	0	88	88	75
Thu Sep 14 18:15:53 2023	1694704553	0	88	88	88
Thu Sep 14 18:15:52 2023	1694704552	0	88	88	88
Thu Sep 14 18:15:50 2023	1694704550	0	88	88	87
Thu Sep 14 18:15:49 2023	1694704549	1	87	88	84
Thu Sep 14 18:15:56 2023	1694704556	1	87	88	87
Thu Sep 14 18:15:48 2023	1694704548	0	88	88	86
Thu Sep 14 18:15:55 2023	1694704555	0	88	88	88
Thu Sep 14 18:15:55 2023	1694704555	0	88	88	88
Thu Sep 14 18:15:54 2023	1694704554	1	88	88	87
Thu Sep 14 18:15:56 2023	1694704556	0	88	88	87
Thu Sep 14 18:15:55 2023	1694704555	0	88	88	88
Thu Sep 14 18:15:45 2023	1694704545	0	88	88	87
Thu Sep 14 18:15:54 2023	1694704554	1	87	88	87
Thu Sep 14 18:15:48 2023	1694704548	0	89	89	89
Thu Sep 14 18:15:51 2023	1694704551	0	89	89	89
Thu Sep 14 18:15:44 2023	1694704544	0	89	89	89
Thu Sep 14 18:15:50 2023	1694704550	1	88	89	88
Thu Sep 14 18:15:54 2023	1694704554	0	89	89	88
Thu Sep 14 18:15:51 2023	1694704551	1	88	89	88
Thu Sep 14 18:15:50 2023	1694704550	1	88	89	88
Thu Sep 14 18:15:50 2023	1694704550	0	89	89	89
Thu Sep 14 18:15:54 2023	1694704554	0	89	89	89
Thu Sep 14 18:15:53 2023	1694704553	0	89	89	89
Thu Sep 14 18:15:53 2023	1694704553	1	88	89	88
Thu Sep 14 18:15:49 2023	1694704549	1	89	89	89
Thu Sep 14 18:15:56 2023	1694704556	1	89	89	89
Thu Sep 14 18:15:45 2023	1694704545	0	89	89	89
Thu Sep 14 18:15:57 2023	1694704557	1	89	90	86
Thu Sep 14 18:15:53 2023	1694704553	1	89	90	89
Thu Sep 14 18:15:45 2023	1694704545	1	89	90	89
Thu Sep 14 18:15:49 2023	1694704549	0	90	90	89
Thu Sep 14 18:15:52 2023	1694704552	1	89	90	89
Thu Sep 14 18:15:48 2023	1694704548	0	90	90	75
Thu Sep 14 18:15:52 2023	1694704552	0	90	90	90
Thu Sep 14 18:15:44 2023	1694704544	1	89	90	89
Thu Sep 14 18:15:53 2023	1694704553	1	90	90	88
Thu Sep 14 18:15:47 2023	1694704547	1	89	90	89
Thu Sep 14 18:15:44 2023	1694704544	1	90	90	90
Thu Sep 14 18:15:49 2023	1694704549	0	91	91	90
Thu Sep 14 18:15:50 2023	1694704550	1	90	91	89
Thu Sep 14 18:15:51 2023	1694704551	1	90	91	89
Thu Sep 14 18:15:53 2023	1694704553	0	91	91	91
Thu Sep 14 18:15:51 2023	1694704551	0	91	91	86
Thu Sep 14 18:15:52 2023	1694704552	0	91	91	91
Thu Sep 14 18:15:44 2023	1694704544	0	91	91	91
Thu Sep 14 18:15:48 2023	1694704548	1	90	91	73
Thu Sep 14 18:15:50 2023	1694704550	1	90	91	90
Thu Sep 14 18:15:44 2023	1694704544	1	91	91	90
Thu Sep 14 18:15:54 2023	1694704554	0	91	91	91
Thu Sep 14 18:15:50 2023	1694704550	0	91	91	91
Thu Sep 14 18:15:51 2023	1694704551	0	91	91	91
Thu Sep 14 18:15:49 2023	1694704549	0	92	92	92
Thu Sep 14 18:15:48 2023	1694704548	1	91	92	91
Thu Sep 14 18:15:52 2023	1694704552	0	92	92	92
Thu Sep 14 18:15:48 2023	1694704548	1	91	92	90
Thu Sep 14 18:15:47 2023	1694704547	0	92	92	92
Thu Sep 14 18:15:56 2023	1694704556	0	92	92	89
Thu Sep 14 18:15:43 2023	1694704543	0	92	92	92
Thu Sep 14 18:15:46 2023	1694704546	1	91	92	91
Thu Sep 14 18:15:44 2023	1694704544	0	92	92	92
Thu Sep 14 18:15:44 2023	1694704544	0	93	93	93
Thu Sep 14 18:15:47 2023	1694704547	0	93	93	93
Thu Sep 14 18:15:53 2023	1694704553	0	93	93	84
Thu Sep 14 18:15:56 2023	1694704556	0	93	93	93
Thu Sep 14 18:15:56 2023	1694704556	0	93	93	85
Thu Sep 14 18:15:49 2023	1694704549	0	93	93	93
Thu Sep 14 18:15:56 2023	1694704556	0	93	93	93
Thu Sep 14 18:15:53 2023	1694704553	1	92	93	92
Thu Sep 14 18:15:45 2023	1694704545	0	93	93	93
Thu Sep 14 18:15:49 2023	1694704549	1	93	93	92
Thu Sep 14 18:15:53 2023	1694704553	0	93	93	93
Thu Sep 14 18:15:57 2023	1694704557	1	92	93	91
Thu Sep 14 18:15:56 2023	1694704556	0	93	94	93
Thu Sep 14 18:15:49 2023	1694704549	1	93	94	93
Thu Sep 14 18:15:51 2023	1694704551	1	93	94	93
Thu Sep 14 18:15:48 2023	1694704548	0	94	94	94
Thu Sep 14 18:15:49 2023	1694704549	0	94	94	94
Thu Sep 14 18:15:55 2023	1694704555	1	93	94	93
Thu Sep 14 18:15:57 2023	1694704557	0	94	94	94
Thu Sep 14 18:15:46 2023	1694704546	0	94	94	94
Thu Sep 14 18:15:47 2023	1694704547	0	94	94	94
Thu Sep 14 18:15:47 2023	1694704547	1	93	94	93
Thu Sep 14 18:15:47 2023	1694704547	0	94	94	94
Thu Sep 14 18:15:49 2023	1694704549	0	94	94	94
Thu Sep 14 18:15:49 2023	1694704549	0	94	94	94
Thu Sep 14 18:15:44 2023	1694704544	1	94	95	93
Thu Sep 14 18:15:56 2023	1694704556	1	94	95	90
Thu Sep 14 18:15:44 2023	1694704544	0	95	95	94
Thu Sep 14 18:15:50 2023	1694704550	0	94	95	94
Thu Sep 14 18:15:46 2023	1694704546	0	95	95	95
Thu Sep 14 18:15:54 2023	1694704554	0	95	95	95
Thu Sep 14 18:15:44 2023	1694704544	1	94	95	94
Thu Sep 14 18:15:56 2023	1694704556	1	94	95	94
Thu Sep 14 18:15:52 2023	1694704552	1	94	95	94
Thu Sep 14 18:15:44 2023	1694704544	0	96	96	96
Thu Sep 14 18:15:50 2023	1694704550	1	95	96	95
Thu Sep 14 18:15:53 2023	1694704553	1	95	96	95
Thu Sep 14 18:15:46 2023	1694704546	0	96	96	96
Thu Sep 14 18:15:53 2023	1694704553	1	96	96	95
Thu Sep 14 18:15:51 2023	1694704551	0	96	96	95
Thu Sep 14 18:15:52 2023	1694704552	0	96	96	96
Thu Sep 14 18:15:53 2023	1694704553	1	95	97	95
Thu Sep 14 18:15:57 2023	1694704557	0	96	97	96
Thu Sep 14 18:15:45 2023	1694704545	0	97	97	97
Thu Sep 14 18:15:44 2023	1694704544	1	96	97	95
Thu Sep 14 18:15:55 2023	1694704555	1	96	97	96
Thu Sep 14 18:15:45 2023	1694704545	0	97	97	97
Thu Sep 14 18:15:48 2023	1694704548	1	96	97	96
Thu Sep 14 18:15:54 2023	1694704554	0	97	97	97
Thu Sep 14 18:15:50 2023	1694704550	0	97	97	97
Thu Sep 14 18:15:50 2023	1694704550	1	96	97	92
Thu Sep 14 18:15:55 2023	1694704555	0	97	97	96
Thu Sep 14 18:15:46 2023	1694704546	0	97	97	96
Thu Sep 14 18:15:49 2023	1694704549	0	97	98	95
Thu Sep 14 18:15:50 2023	1694704550	0	98	98	96
Thu Sep 14 18:15:49 2023	1694704549	0	98	98	98
Thu Sep 14 18:15:43 2023	1694704543	0	98	98	98
Thu Sep 14 18:15:54 2023	1694704554	0	98	98	90
Thu Sep 14 18:15:44 2023	1694704544	0	98	98	98
Thu Sep 14 18:15:45 2023	1694704545	0	98	98	98
Thu Sep 14 18:15:53 2023	1694704553	0	98	98	91
Thu Sep 14 18:15:54 2023	1694704554	0	98	98	97
Thu Sep 14 18:15:50 2023	1694704550	1	98	98	98
Thu Sep 14 18:15:55 2023	1694704555	0	98	98	98
Thu Sep 14 18:15:48 2023	1694704548	0	98	98	98
Thu Sep 14 18:15:53 2023	1694704553	0	98	98	98
Thu Sep 14 18:15:49 2023	1694704549	0	98	98	96
Thu Sep 14 18:15:48 2023	1694704548	0	98	98	96
Thu Sep 14 18:15:51 2023	1694704551	0	98	98	87
Thu Sep 14 18:15:55 2023	1694704555	0	99	99	99
Thu Sep 14 18:15:50 2023	1694704550	0	99	99	99
Thu Sep 14 18:15:56 2023	1694704556	1	98	99	83
Thu Sep 14 18:15:44 2023	1694704544	1	98	99	96
Thu Sep 14 18:15:49 2023	1694704549	0	99	99	99
Thu Sep 14 18:15:56 2023	1694704556	1	98	99	98
Thu Sep 14 18:15:52 2023	1694704552	0	100	100	100
Thu Sep 14 18:15:54 2023	1694704554	1	99	100	99
Thu Sep 14 18:15:56 2023	1694704556	1	99	100	99
Thu Sep 14 18:15:51 2023	1694704551	0	100	100	99
Thu Sep 14 18:15:54 2023	1694704554	0	100	100	100
Thu Sep 14 18:15:47 2023	1694704547	0	100	100	100
Thu Sep 14 18:15:54 2023	1694704554	0	100	100	100
Thu Sep 14 18:15:45 2023	1694704545	1	100	100	97
Thu Sep 14 18:15:52 2023	1694704552	1	100	101	100
Thu Sep 14 18:15:50 2023	1694704550	1	100	101	100
Thu Sep 14 18:15:56 2023	1694704556	0	101	101	101
Thu Sep 14 18:15:53 2023	1694704553	0	101	101	101
Thu Sep 14 18:15:46 2023	1694704546	0	101	101	101
Thu Sep 14 18:15:44 2023	1694704544	0	102	102	102
Thu Sep 14 18:15:53 2023	1694704553	1	101	102	101
Thu Sep 14 18:15:55 2023	1694704555	0	102	102	102
Thu Sep 14 18:15:47 2023	1694704547	1	101	102	101
Thu Sep 14 18:15:56 2023	1694704556	1	102	102	102
Thu Sep 14 18:15:55 2023	1694704555	0	102	102	102
Thu Sep 14 18:15:53 2023	1694704553	1	102	102	102
Thu Sep 14 18:15:51 2023	1694704551	1	101	102	99
Thu Sep 14 18:15:51 2023	1694704551	1	102	103	101
Thu Sep 14 18:15:56 2023	1694704556	1	103	103	101
Thu Sep 14 18:15:53 2023	1694704553	0	103	103	102
Thu Sep 14 18:15:47 2023	1694704547	1	102	103	102
Thu Sep 14 18:15:55 2023	1694704555	1	103	104	101
Thu Sep 14 18:15:55 2023	1694704555	0	104	104	100
Thu Sep 14 18:15:52 2023	1694704552	0	104	104	103
Thu Sep 14 18:15:53 2023	1694704553	1	103	104	103
Thu Sep 14 18:15:52 2023	1694704552	0	104	104	104
Thu Sep 14 18:15:51 2023	1694704551	1	103	104	99
Thu Sep 14 18:15:50 2023	1694704550	0	104	104	104
Thu Sep 14 18:15:51 2023	1694704551	1	103	104	103
Thu Sep 14 18:15:46 2023	1694704546	1	104	105	102
Thu Sep 14 18:15:45 2023	1694704545	1	104	105	99
Thu Sep 14 18:15:52 2023	1694704552	0	105	105	105
Thu Sep 14 18:15:52 2023	1694704552	1	104	105	104
Thu Sep 14 18:15:49 2023	1694704549	1	105	105	105
Thu Sep 14 18:15:54 2023	1694704554	1	104	105	104
Thu Sep 14 18:15:50 2023	1694704550	1	105	106	104
Thu Sep 14 18:15:46 2023	1694704546	0	106	106	106
Thu Sep 14 18:15:45 2023	1694704545	0	106	106	101
Thu Sep 14 18:15:54 2023	1694704554	1	105	106	105
Thu Sep 14 18:15:51 2023	1694704551	1	106	106	106
Thu Sep 14 18:15:55 2023	1694704555	0	107	107	107
Thu Sep 14 18:15:56 2023	1694704556	0	107	107	107
Thu Sep 14 18:15:48 2023	1694704548	0	107	107	107
Thu Sep 14 18:15:53 2023	1694704553	0	107	107	107
Thu Sep 14 18:15:56 2023	1694704556	0	107	107	107
Thu Sep 14 18:15:44 2023	1694704544	1	107	107	107
Thu Sep 14 18:15:52 2023	1694704552	0	107	107	107
Thu Sep 14 18:15:56 2023	1694704556	0	107	107	102
Thu Sep 14 18:15:55 2023	1694704555	1	106	107	106
Thu Sep 14 18:15:50 2023	1694704550	0	107	107	106
Thu Sep 14 18:15:45 2023	1694704545	0	108	108	108
Thu Sep 14 18:15:53 2023	1694704553	0	108	108	107
Thu Sep 14 18:15:57 2023	1694704557	0	108	108	108
Thu Sep 14 18:15:54 2023	1694704554	0	109	109	108
Thu Sep 14 18:15:51 2023	1694704551	0	109	109	104
Thu Sep 14 18:15:44 2023	1694704544	0	109	109	109
Thu Sep 14 18:15:51 2023	1694704551	1	109	109	109
Thu Sep 14 18:15:52 2023	1694704552	0	109	109	102
Thu Sep 14 18:15:56 2023	1694704556	0	109	110	109
Thu Sep 14 18:15:47 2023	1694704547	0	110	110	109
Thu Sep 14 18:15:50 2023	1694704550	1	109	110	109
Thu Sep 14 18:15:56 2023	1694704556	1	109	110	109
Thu Sep 14 18:15:51 2023	1694704551	1	109	110	108
Thu Sep 14 18:15:51 2023	1694704551	0	110	110	103
Thu Sep 14 18:15:51 2023	1694704551	0	110	110	110
Thu Sep 14 18:15:49 2023	1694704549	0	110	110	109
Thu Sep 14 18:15:54 2023	1694704554	0	110	110	110
Thu Sep 14 18:15:56 2023	1694704556	0	111	111	110
Thu Sep 14 18:15:50 2023	1694704550	1	110	111	109
Thu Sep 14 18:15:46 2023	1694704546	0	111	111	111
Thu Sep 14 18:15:54 2023	1694704554	0	112	112	112
Thu Sep 14 18:15:51 2023	1694704551	0	112	112	112
Thu Sep 14 18:15:51 2023	1694704551	0	112	112	112
Thu Sep 14 18:15:54 2023	1694704554	0	113	113	113
Thu Sep 14 18:15:55 2023	1694704555	0	113	113	113
Thu Sep 14 18:15:54 2023	1694704554	0	114	114	113
Thu Sep 14 18:15:51 2023	1694704551	1	113	114	113
Thu Sep 14 18:15:54 2023	1694704554	0	115	115	115
Thu Sep 14 18:15:48 2023	1694704548	1	115	115	114
Thu Sep 14 18:15:52 2023	1694704552	1	115	115	115
Thu Sep 14 18:15:44 2023	1694704544	0	115	115	115
Thu Sep 14 18:15:54 2023	1694704554	1	116	116	116
Thu Sep 14 18:15:45 2023	1694704545	1	116	116	116
Thu Sep 14 18:15:55 2023	1694704555	0	117	117	117
Thu Sep 14 18:15:49 2023	1694704549	0	117	117	117
Thu Sep 14 18:15:50 2023	1694704550	0	118	118	117
Thu Sep 14 18:15:56 2023	1694704556	0	118	118	118
Thu Sep 14 18:15:54 2023	1694704554	0	118	118	118
Thu Sep 14 18:15:50 2023	1694704550	1	118	119	118
Thu Sep 14 18:15:50 2023	1694704550	0	119	119	119
Thu Sep 14 18:15:45 2023	1694704545	1	119	119	119
Thu Sep 14 18:15:54 2023	1694704554	1	118	119	118
Thu Sep 14 18:15:52 2023	1694704552	1	119	120	115
Thu Sep 14 18:15:51 2023	1694704551	1	119	120	119
Thu Sep 14 18:15:54 2023	1694704554	1	119	120	111
Thu Sep 14 18:15:52 2023	1694704552	0	120	120	100
Thu Sep 14 18:15:54 2023	1694704554	1	120	120	120
Thu Sep 14 18:15:56 2023	1694704556	0	120	120	120
Thu Sep 14 18:15:56 2023	1694704556	0	121	121	121
Thu Sep 14 18:15:50 2023	1694704550	0	122	122	120
Thu Sep 14 18:15:51 2023	1694704551	0	122	122	122
Thu Sep 14 18:15:47 2023	1694704547	1	121	122	121
Thu Sep 14 18:15:54 2023	1694704554	0	122	122	121
Thu Sep 14 18:15:51 2023	1694704551	0	123	123	123
Thu Sep 14 18:15:56 2023	1694704556	0	123	123	122
Thu Sep 14 18:15:50 2023	1694704550	1	123	124	119
Thu Sep 14 18:15:54 2023	1694704554	0	124	124	123
Thu Sep 14 18:15:53 2023	1694704553	1	123	124	123
Thu Sep 14 18:15:52 2023	1694704552	0	124	124	124
Thu Sep 14 18:15:48 2023	1694704548	1	125	125	123
Thu Sep 14 18:15:52 2023	1694704552	0	126	126	109
Thu Sep 14 18:15:52 2023	1694704552	0	127	127	127
Thu Sep 14 18:15:54 2023	1694704554	1	126	127	126
Thu Sep 14 18:15:50 2023	1694704550	0	127	127	127
Thu Sep 14 18:15:54 2023	1694704554	0	127	128	122
Thu Sep 14 18:15:55 2023	1694704555	4	126	130	126
Thu Sep 14 18:15:44 2023	1694704544	1	130	130	130
Thu Sep 14 18:15:51 2023	1694704551	0	130	130	130
Thu Sep 14 18:15:53 2023	1694704553	1	130	131	125
Thu Sep 14 18:15:55 2023	1694704555	0	131	131	130
Thu Sep 14 18:15:50 2023	1694704550	0	132	132	132
Thu Sep 14 18:15:51 2023	1694704551	1	133	134	133
Thu Sep 14 18:15:54 2023	1694704554	0	135	135	135
Thu Sep 14 18:15:51 2023	1694704551	1	134	135	131
Thu Sep 14 18:15:51 2023	1694704551	0	136	136	136
Thu Sep 14 18:15:49 2023	1694704549	0	138	138	138
Thu Sep 14 18:15:50 2023	1694704550	0	138	138	138
Thu Sep 14 18:15:54 2023	1694704554	0	144	144	143
Thu Sep 14 18:15:51 2023	1694704551	1	145	146	145
Thu Sep 14 18:15:51 2023	1694704551	3	144	147	143
Thu Sep 14 18:15:54 2023	1694704554	1	152	152	152
Thu Sep 14 18:15:56 2023	1694704556	2	170	172	170
Thu Sep 14 18:15:54 2023	1694704554	3	202	204	201
